TN:
SF:models/AdminStatus.js
FN:9,(anonymous_0)
FN:75,(anonymous_1)
FN:84,(anonymous_2)
FN:88,(anonymous_3)
FN:92,(anonymous_4)
FN:97,(anonymous_5)
FN:101,(anonymous_6)
FN:105,(anonymous_7)
FN:112,(anonymous_8)
FN:117,(anonymous_9)
FN:137,(anonymous_10)
FN:157,(anonymous_11)
FN:171,(anonymous_12)
FN:179,(anonymous_13)
FNF:14
FNH:2
FNDA:21,(anonymous_0)
FNDA:21,(anonymous_1)
FNDA:0,(anonymous_2)
FNDA:0,(anonymous_3)
FNDA:0,(anonymous_4)
FNDA:0,(anonymous_5)
FNDA:0,(anonymous_6)
FNDA:0,(anonymous_7)
FNDA:0,(anonymous_8)
FNDA:0,(anonymous_9)
FNDA:0,(anonymous_10)
FNDA:0,(anonymous_11)
FNDA:0,(anonymous_12)
FNDA:0,(anonymous_13)
DA:7,21
DA:9,21
DA:10,21
DA:75,21
DA:77,21
DA:84,21
DA:85,0
DA:88,21
DA:89,0
DA:92,21
DA:94,0
DA:97,21
DA:98,0
DA:101,21
DA:102,0
DA:105,21
DA:106,0
DA:107,0
DA:109,0
DA:112,21
DA:113,0
DA:117,21
DA:118,0
DA:137,21
DA:138,0
DA:157,21
DA:158,0
DA:168,0
DA:171,21
DA:172,0
DA:173,0
DA:179,21
DA:180,0
DA:181,0
DA:187,21
LF:35
LH:18
BRDA:106,0,0,0
BRDA:106,0,1,0
BRF:2
BRH:0
end_of_record
TN:
SF:models/AdminUser.js
FN:16,(anonymous_0)
FN:148,(anonymous_1)
FN:156,(anonymous_2)
FN:169,(anonymous_3)
FN:178,(anonymous_4)
FN:182,(anonymous_5)
FN:186,(anonymous_6)
FN:190,(anonymous_7)
FN:194,(anonymous_8)
FN:208,(anonymous_9)
FN:217,(anonymous_10)
FN:230,(anonymous_11)
FN:241,(anonymous_12)
FN:250,(anonymous_13)
FN:259,(anonymous_14)
FN:284,(anonymous_15)
FNF:16
FNH:2
FNDA:21,(anonymous_0)
FNDA:0,(anonymous_1)
FNDA:0,(anonymous_2)
FNDA:0,(anonymous_3)
FNDA:0,(anonymous_4)
FNDA:0,(anonymous_5)
FNDA:0,(anonymous_6)
FNDA:0,(anonymous_7)
FNDA:0,(anonymous_8)
FNDA:0,(anonymous_9)
FNDA:0,(anonymous_10)
FNDA:0,(anonymous_11)
FNDA:0,(anonymous_12)
FNDA:0,(anonymous_13)
FNDA:0,(anonymous_14)
FNDA:21,(anonymous_15)
DA:13,21
DA:14,21
DA:16,21
DA:17,21
DA:149,0
DA:150,0
DA:151,0
DA:152,0
DA:153,0
DA:157,0
DA:158,0
DA:159,0
DA:160,0
DA:161,0
DA:169,21
DA:170,0
DA:171,0
DA:173,0
DA:174,0
DA:178,21
DA:179,0
DA:182,21
DA:183,0
DA:186,21
DA:187,0
DA:190,21
DA:191,0
DA:194,21
DA:195,0
DA:196,0
DA:199,0
DA:200,0
DA:201,0
DA:202,0
DA:205,0
DA:208,21
DA:209,0
DA:217,21
DA:219,0
DA:220,0
DA:223,0
DA:230,21
DA:232,0
DA:233,0
DA:234,0
DA:235,0
DA:236,0
DA:238,0
DA:241,21
DA:242,0
DA:250,21
DA:251,0
DA:259,21
DA:260,0
DA:263,0
DA:264,0
DA:268,0
DA:269,0
DA:270,0
DA:273,0
DA:284,21
DA:286,21
DA:292,21
DA:301,21
DA:310,21
LF:65
LH:21
BRDA:149,0,0,0
BRDA:149,0,1,0
BRDA:149,1,0,0
BRDA:149,1,1,0
BRDA:157,2,0,0
BRDA:157,2,1,0
BRDA:157,3,0,0
BRDA:157,3,1,0
BRDA:179,4,0,0
BRDA:179,4,1,0
BRDA:183,5,0,0
BRDA:183,5,1,0
BRDA:191,6,0,0
BRDA:191,6,1,0
BRDA:199,7,0,0
BRDA:199,7,1,0
BRDA:219,8,0,0
BRDA:219,8,1,0
BRDA:238,9,0,0
BRDA:238,9,1,0
BRDA:238,9,2,0
BRDA:238,9,3,0
BRDA:238,9,4,0
BRDA:260,10,0,0
BRDA:263,11,0,0
BRDA:263,11,1,0
BRDA:269,12,0,0
BRDA:269,12,1,0
BRF:28
BRH:0
end_of_record
TN:
SF:models/BusinessConfigs.js
FN:3,(anonymous_0)
FN:102,(anonymous_1)
FN:119,(anonymous_2)
FN:179,(anonymous_3)
FN:185,(anonymous_4)
FNF:5
FNH:1
FNDA:21,(anonymous_0)
FNDA:0,(anonymous_1)
FNDA:0,(anonymous_2)
FNDA:0,(anonymous_3)
FNDA:0,(anonymous_4)
DA:1,21
DA:3,21
DA:4,21
DA:102,21
DA:103,0
DA:110,0
DA:112,0
DA:115,0
DA:119,21
DA:120,0
DA:175,0
DA:179,21
DA:180,0
DA:181,0
DA:184,0
DA:186,0
DA:190,0
DA:191,0
DA:200,0
DA:203,21
LF:20
LH:7
BRDA:110,0,0,0
BRDA:110,0,1,0
BRDA:175,1,0,0
BRDA:175,1,1,0
BRDA:190,2,0,0
BRDA:190,2,1,0
BRF:6
BRH:0
end_of_record
TN:
SF:models/BusinessEvent.js
FN:5,(anonymous_0)
FN:14,(anonymous_1)
FN:31,(anonymous_2)
FN:43,(anonymous_3)
FN:48,(anonymous_4)
FN:53,(anonymous_5)
FN:75,(anonymous_6)
FN:91,(anonymous_7)
FN:119,(anonymous_8)
FN:142,(anonymous_9)
FN:174,(anonymous_10)
FN:178,(anonymous_11)
FN:186,(anonymous_12)
FNF:13
FNH:2
FNDA:21,(anonymous_0)
FNDA:0,(anonymous_1)
FNDA:0,(anonymous_2)
FNDA:0,(anonymous_3)
FNDA:0,(anonymous_4)
FNDA:0,(anonymous_5)
FNDA:0,(anonymous_6)
FNDA:0,(anonymous_7)
FNDA:0,(anonymous_8)
FNDA:0,(anonymous_9)
FNDA:0,(anonymous_10)
FNDA:0,(anonymous_11)
FNDA:21,(anonymous_12)
DA:1,21
DA:7,21
DA:15,0
DA:27,0
DA:32,0
DA:39,0
DA:44,0
DA:49,0
DA:54,0
DA:59,0
DA:60,0
DA:63,0
DA:64,0
DA:65,0
DA:66,0
DA:67,0
DA:68,0
DA:71,0
DA:76,0
DA:92,0
DA:94,0
DA:107,0
DA:108,0
DA:111,0
DA:112,0
DA:115,0
DA:120,0
DA:121,0
DA:122,0
DA:125,0
DA:138,0
DA:143,0
DA:145,0
DA:172,0
DA:175,0
DA:176,0
DA:179,0
DA:180,0
DA:186,21
DA:187,21
DA:386,21
LF:41
LH:5
BRDA:27,0,0,0
BRDA:27,0,1,0
BRDA:39,1,0,0
BRDA:39,1,1,0
BRDA:53,2,0,0
BRDA:53,3,0,0
BRDA:59,4,0,0
BRDA:59,4,1,0
BRDA:63,5,0,0
BRDA:63,5,1,0
BRDA:65,6,0,0
BRDA:65,6,1,0
BRDA:67,7,0,0
BRDA:67,7,1,0
BRDA:107,8,0,0
BRDA:107,8,1,0
BRDA:107,9,0,0
BRDA:107,9,1,0
BRDA:111,10,0,0
BRDA:111,10,1,0
BRDA:111,11,0,0
BRDA:111,11,1,0
BRDA:111,11,2,0
BRDA:119,12,0,0
BRDA:121,13,0,0
BRDA:121,13,1,0
BRDA:128,14,0,0
BRDA:128,14,1,0
BRDA:129,15,0,0
BRDA:129,15,1,0
BRDA:132,16,0,0
BRDA:132,16,1,0
BRDA:133,17,0,0
BRDA:133,17,1,0
BRDA:142,18,0,0
BRF:35
BRH:0
end_of_record
TN:
SF:models/ChatMessage.js
FN:10,(anonymous_0)
FN:120,(anonymous_1)
FN:148,(anonymous_2)
FN:152,(anonymous_3)
FN:156,(anonymous_4)
FN:160,(anonymous_5)
FN:164,(anonymous_6)
FN:168,(anonymous_7)
FN:172,(anonymous_8)
FN:177,(anonymous_9)
FN:198,(anonymous_10)
FN:211,(anonymous_11)
FNF:12
FNH:2
FNDA:21,(anonymous_0)
FNDA:21,(anonymous_1)
FNDA:0,(anonymous_2)
FNDA:0,(anonymous_3)
FNDA:0,(anonymous_4)
FNDA:0,(anonymous_5)
FNDA:0,(anonymous_6)
FNDA:0,(anonymous_7)
FNDA:0,(anonymous_8)
FNDA:0,(anonymous_9)
FNDA:0,(anonymous_10)
FNDA:0,(anonymous_11)
DA:8,21
DA:10,21
DA:11,21
DA:120,21
DA:122,21
DA:128,21
DA:135,21
DA:141,21
DA:148,21
DA:149,0
DA:152,21
DA:153,0
DA:156,21
DA:157,0
DA:160,21
DA:161,0
DA:164,21
DA:165,0
DA:168,21
DA:169,0
DA:172,21
DA:173,0
DA:177,21
DA:178,0
DA:180,0
DA:181,0
DA:184,0
DA:198,21
DA:199,0
DA:204,0
DA:205,0
DA:208,0
DA:211,21
DA:212,0
DA:218,0
DA:221,21
LF:36
LH:19
BRDA:177,0,0,0
BRDA:177,1,0,0
BRDA:180,2,0,0
BRDA:180,2,1,0
BRDA:198,3,0,0
BRDA:204,4,0,0
BRDA:204,4,1,0
BRDA:214,5,0,0
BRDA:214,5,1,0
BRF:9
BRH:0
end_of_record
TN:
SF:models/CustomerSession.js
FN:9,(anonymous_0)
FN:104,(anonymous_1)
FN:126,(anonymous_2)
FN:130,(anonymous_3)
FN:134,(anonymous_4)
FN:139,(anonymous_5)
FN:149,(anonymous_6)
FNF:7
FNH:2
FNDA:21,(anonymous_0)
FNDA:21,(anonymous_1)
FNDA:0,(anonymous_2)
FNDA:0,(anonymous_3)
FNDA:0,(anonymous_4)
FNDA:0,(anonymous_5)
FNDA:0,(anonymous_6)
DA:7,21
DA:9,21
DA:10,21
DA:104,21
DA:106,21
DA:112,21
DA:118,21
DA:126,21
DA:127,0
DA:130,21
DA:131,0
DA:134,21
DA:135,0
DA:139,21
DA:140,0
DA:149,21
DA:150,0
DA:151,0
DA:152,0
DA:155,0
DA:168,21
LF:21
LH:13
BRDA:127,0,0,0
BRDA:127,0,1,0
BRDA:149,1,0,0
BRDA:151,2,0,0
BRDA:151,2,1,0
BRF:5
BRH:0
end_of_record
TN:
SF:models/ExchangeRecords.js
FN:9,(anonymous_0)
FN:136,(anonymous_1)
FN:139,(anonymous_2)
FN:244,(anonymous_3)
FN:261,(anonymous_4)
FN:308,(anonymous_5)
FN:332,(anonymous_6)
FN:351,(anonymous_7)
FNF:8
FNH:2
FNDA:21,(anonymous_0)
FNDA:0,(anonymous_1)
FNDA:0,(anonymous_2)
FNDA:21,(anonymous_3)
FNDA:0,(anonymous_4)
FNDA:0,(anonymous_5)
FNDA:0,(anonymous_6)
FNDA:0,(anonymous_7)
DA:7,21
DA:9,21
DA:10,21
DA:137,0
DA:140,0
DA:244,21
DA:246,21
DA:252,21
DA:261,21
DA:262,0
DA:265,0
DA:266,0
DA:271,0
DA:272,0
DA:277,0
DA:278,0
DA:284,0
DA:291,0
DA:294,0
DA:298,0
DA:300,0
DA:308,21
DA:309,0
DA:311,0
DA:332,21
DA:333,0
DA:351,21
DA:352,0
DA:354,0
DA:355,0
DA:356,0
DA:358,0
DA:373,21
LF:33
LH:11
BRDA:265,0,0,0
BRDA:265,0,1,0
BRDA:271,1,0,0
BRDA:271,1,1,0
BRDA:277,2,0,0
BRDA:277,2,1,0
BRDA:291,3,0,0
BRDA:291,3,1,0
BRDA:298,4,0,0
BRDA:298,4,1,0
BRDA:308,5,0,0
BRDA:309,6,0,0
BRDA:309,6,1,0
BRDA:317,7,0,0
BRDA:317,7,1,0
BRDA:320,8,0,0
BRDA:320,8,1,0
BRDA:351,9,0,0
BRDA:352,10,0,0
BRDA:352,11,0,0
BRDA:352,12,0,0
BRDA:352,13,0,0
BRDA:355,14,0,0
BRDA:355,14,1,0
BRDA:356,15,0,0
BRDA:356,15,1,0
BRF:26
BRH:0
end_of_record
TN:
SF:models/ImageResources.js
FN:4,(anonymous_0)
FN:11,(anonymous_1)
FN:239,(anonymous_2)
FN:256,(anonymous_3)
FN:272,(anonymous_4)
FN:296,(anonymous_5)
FNF:6
FNH:2
FNDA:21,(anonymous_0)
FNDA:0,(anonymous_1)
FNDA:21,(anonymous_2)
FNDA:0,(anonymous_3)
FNDA:0,(anonymous_4)
FNDA:0,(anonymous_5)
DA:1,21
DA:2,21
DA:4,21
DA:5,21
DA:11,0
DA:239,21
DA:241,21
DA:248,21
DA:256,21
DA:257,0
DA:260,0
DA:261,0
DA:263,0
DA:272,21
DA:279,0
DA:281,0
DA:296,21
DA:297,0
DA:315,21
LF:19
LH:11
BRDA:267,0,0,0
BRDA:267,0,1,0
BRDA:272,1,0,0
BRDA:274,2,0,0
BRDA:275,3,0,0
BRDA:276,4,0,0
BRDA:277,5,0,0
BRDA:278,6,0,0
BRDA:296,7,0,0
BRF:9
BRH:0
end_of_record
TN:
SF:models/LoginLog.js
FN:9,(anonymous_0)
FN:113,(anonymous_1)
FN:117,(anonymous_2)
FN:121,(anonymous_3)
FN:125,(anonymous_4)
FN:130,(anonymous_5)
FN:155,(anonymous_6)
FN:182,(anonymous_7)
FN:197,(anonymous_8)
FN:213,(anonymous_9)
FN:247,(anonymous_10)
FNF:11
FNH:2
FNDA:21,(anonymous_0)
FNDA:0,(anonymous_1)
FNDA:0,(anonymous_2)
FNDA:0,(anonymous_3)
FNDA:0,(anonymous_4)
FNDA:0,(anonymous_5)
FNDA:0,(anonymous_6)
FNDA:0,(anonymous_7)
FNDA:0,(anonymous_8)
FNDA:0,(anonymous_9)
FNDA:21,(anonymous_10)
DA:7,21
DA:9,21
DA:10,21
DA:113,21
DA:114,0
DA:117,21
DA:118,0
DA:121,21
DA:122,0
DA:125,21
DA:126,0
DA:130,21
DA:139,0
DA:141,0
DA:155,21
DA:166,0
DA:168,0
DA:182,21
DA:183,0
DA:185,0
DA:197,21
DA:198,0
DA:200,0
DA:213,21
DA:214,0
DA:216,0
DA:247,21
DA:249,21
DA:259,21
DA:269,21
LF:30
LH:16
BRDA:137,0,0,0
BRDA:138,1,0,0
BRDA:162,2,0,0
BRDA:163,3,0,0
BRDA:164,4,0,0
BRDA:165,5,0,0
BRDA:182,6,0,0
BRDA:197,7,0,0
BRDA:213,8,0,0
BRF:9
BRH:0
end_of_record
TN:
SF:models/LotteryCampaign.js
FN:22,(anonymous_0)
FN:65,(anonymous_1)
FN:79,(anonymous_2)
FN:94,(anonymous_3)
FN:105,(anonymous_4)
FN:114,(anonymous_5)
FN:123,(anonymous_6)
FN:137,(anonymous_7)
FN:158,(anonymous_8)
FN:198,(anonymous_9)
FN:212,(anonymous_10)
FN:227,(anonymous_11)
FN:245,(anonymous_12)
FN:262,(anonymous_13)
FN:289,(anonymous_14)
FN:342,(anonymous_15)
FN:385,(anonymous_16)
FN:414,(anonymous_17)
FN:453,(anonymous_18)
FN:482,(anonymous_19)
FN:503,(anonymous_20)
FN:513,(anonymous_21)
FNF:22
FNH:2
FNDA:21,(anonymous_0)
FNDA:0,(anonymous_1)
FNDA:0,(anonymous_2)
FNDA:0,(anonymous_3)
FNDA:0,(anonymous_4)
FNDA:0,(anonymous_5)
FNDA:0,(anonymous_6)
FNDA:0,(anonymous_7)
FNDA:0,(anonymous_8)
FNDA:0,(anonymous_9)
FNDA:0,(anonymous_10)
FNDA:0,(anonymous_11)
FNDA:0,(anonymous_12)
FNDA:0,(anonymous_13)
FNDA:0,(anonymous_14)
FNDA:0,(anonymous_15)
FNDA:0,(anonymous_16)
FNDA:0,(anonymous_17)
FNDA:21,(anonymous_18)
FNDA:0,(anonymous_19)
FNDA:0,(anonymous_20)
FNDA:0,(anonymous_21)
DA:10,21
DA:24,21
DA:32,21
DA:40,21
DA:41,21
DA:51,21
DA:66,0
DA:72,0
DA:80,0
DA:87,0
DA:95,0
DA:96,0
DA:97,0
DA:98,0
DA:106,0
DA:107,0
DA:115,0
DA:116,0
DA:124,0
DA:126,0
DA:127,0
DA:128,0
DA:130,0
DA:138,0
DA:139,0
DA:140,0
DA:142,0
DA:143,0
DA:145,0
DA:146,0
DA:148,0
DA:159,0
DA:162,0
DA:163,0
DA:171,0
DA:172,0
DA:180,0
DA:181,0
DA:189,0
DA:190,0
DA:197,0
DA:198,0
DA:213,0
DA:215,0
DA:228,0
DA:229,0
DA:230,0
DA:232,0
DA:246,0
DA:248,0
DA:263,0
DA:265,0
DA:266,0
DA:269,0
DA:270,0
DA:273,0
DA:274,0
DA:275,0
DA:276,0
DA:280,0
DA:281,0
DA:290,0
DA:291,0
DA:294,0
DA:298,0
DA:305,0
DA:306,0
DA:313,0
DA:314,0
DA:315,0
DA:322,0
DA:323,0
DA:324,0
DA:330,0
DA:343,0
DA:344,0
DA:345,0
DA:347,0
DA:386,0
DA:387,0
DA:389,0
DA:395,0
DA:396,0
DA:399,0
DA:415,0
DA:418,0
DA:430,0
DA:440,0
DA:453,21
DA:454,21
DA:483,0
DA:484,0
DA:504,0
DA:505,0
DA:514,0
DA:515,0
DA:604,21
LF:97
LH:9
BRDA:40,0,0,21
BRDA:40,0,1,0
BRDA:72,1,0,0
BRDA:72,1,1,0
BRDA:87,2,0,0
BRDA:87,2,1,0
BRDA:98,3,0,0
BRDA:98,3,1,0
BRDA:98,3,2,0
BRDA:107,4,0,0
BRDA:107,4,1,0
BRDA:116,5,0,0
BRDA:116,5,1,0
BRDA:124,6,0,0
BRDA:124,6,1,0
BRDA:142,7,0,0
BRDA:142,7,1,0
BRDA:143,8,0,0
BRDA:143,8,1,0
BRDA:158,9,0,0
BRDA:158,10,0,0
BRDA:162,11,0,0
BRDA:162,11,1,0
BRDA:171,12,0,0
BRDA:171,12,1,0
BRDA:180,13,0,0
BRDA:180,13,1,0
BRDA:180,14,0,0
BRDA:180,14,1,0
BRDA:189,15,0,0
BRDA:189,15,1,0
BRDA:201,16,0,0
BRDA:201,16,1,0
BRDA:236,17,0,0
BRDA:236,17,1,0
BRDA:246,18,0,0
BRDA:246,18,1,0
BRDA:254,19,0,0
BRDA:254,19,1,0
BRDA:265,20,0,0
BRDA:265,20,1,0
BRDA:269,21,0,0
BRDA:269,21,1,0
BRDA:273,22,0,0
BRDA:273,22,1,0
BRDA:275,23,0,0
BRDA:275,23,1,0
BRDA:280,24,0,0
BRDA:280,24,1,0
BRDA:294,25,0,0
BRDA:294,25,1,0
BRDA:295,26,0,0
BRDA:295,26,1,0
BRDA:305,27,0,0
BRDA:305,27,1,0
BRDA:314,28,0,0
BRDA:314,28,1,0
BRDA:314,29,0,0
BRDA:314,29,1,0
BRDA:323,30,0,0
BRDA:323,30,1,0
BRDA:323,31,0,0
BRDA:323,31,1,0
BRDA:385,32,0,0
BRDA:386,33,0,0
BRDA:386,34,0,0
BRDA:395,35,0,0
BRDA:395,35,1,0
BRDA:484,36,0,0
BRDA:484,36,1,0
BRDA:505,37,0,0
BRDA:505,37,1,0
BRDA:515,38,0,0
BRDA:515,38,1,0
BRF:74
BRH:1
end_of_record
TN:
SF:models/LotteryDraw.js
FN:5,(anonymous_0)
FN:26,(anonymous_1)
FN:31,(anonymous_2)
FN:43,(anonymous_3)
FN:48,(anonymous_4)
FN:53,(anonymous_5)
FN:58,(anonymous_6)
FN:78,(anonymous_7)
FN:95,(anonymous_8)
FN:118,(anonymous_9)
FN:148,(anonymous_10)
FN:156,(anonymous_11)
FNF:12
FNH:2
FNDA:21,(anonymous_0)
FNDA:0,(anonymous_1)
FNDA:0,(anonymous_2)
FNDA:0,(anonymous_3)
FNDA:0,(anonymous_4)
FNDA:0,(anonymous_5)
FNDA:0,(anonymous_6)
FNDA:0,(anonymous_7)
FNDA:0,(anonymous_8)
FNDA:0,(anonymous_9)
FNDA:0,(anonymous_10)
FNDA:21,(anonymous_11)
DA:1,21
DA:7,21
DA:13,21
DA:19,21
DA:27,0
DA:32,0
DA:39,0
DA:44,0
DA:49,0
DA:54,0
DA:59,0
DA:64,0
DA:65,0
DA:68,0
DA:69,0
DA:70,0
DA:71,0
DA:74,0
DA:79,0
DA:96,0
DA:98,0
DA:99,0
DA:102,0
DA:103,0
DA:106,0
DA:107,0
DA:110,0
DA:111,0
DA:114,0
DA:119,0
DA:121,0
DA:142,0
DA:144,0
DA:149,0
DA:150,0
DA:156,21
DA:157,21
DA:295,21
LF:38
LH:7
BRDA:27,0,0,0
BRDA:27,0,1,0
BRDA:39,1,0,0
BRDA:39,1,1,0
BRDA:54,2,0,0
BRDA:54,2,1,0
BRDA:58,3,0,0
BRDA:58,4,0,0
BRDA:64,5,0,0
BRDA:64,5,1,0
BRDA:68,6,0,0
BRDA:68,6,1,0
BRDA:70,7,0,0
BRDA:70,7,1,0
BRDA:98,8,0,0
BRDA:98,8,1,0
BRDA:98,9,0,0
BRDA:98,9,1,0
BRDA:102,10,0,0
BRDA:102,10,1,0
BRDA:102,11,0,0
BRDA:102,11,1,0
BRDA:106,12,0,0
BRDA:106,12,1,0
BRDA:110,13,0,0
BRDA:110,13,1,0
BRDA:110,14,0,0
BRDA:110,14,1,0
BRDA:110,14,2,0
BRDA:118,15,0,0
BRDA:142,16,0,0
BRDA:142,16,1,0
BRF:32
BRH:0
end_of_record
TN:
SF:models/LotteryPity.js
FN:9,(anonymous_0)
FN:123,(anonymous_1)
FN:140,(anonymous_2)
FN:171,(anonymous_3)
FN:192,(anonymous_4)
FN:239,(anonymous_5)
FN:266,(anonymous_6)
FN:272,(anonymous_7)
FN:291,(anonymous_8)
FNF:9
FNH:2
FNDA:21,(anonymous_0)
FNDA:21,(anonymous_1)
FNDA:0,(anonymous_2)
FNDA:0,(anonymous_3)
FNDA:0,(anonymous_4)
FNDA:0,(anonymous_5)
FNDA:0,(anonymous_6)
FNDA:0,(anonymous_7)
FNDA:0,(anonymous_8)
DA:7,21
DA:9,21
DA:10,21
DA:123,21
DA:125,21
DA:131,21
DA:140,21
DA:141,0
DA:144,0
DA:145,0
DA:150,0
DA:151,0
DA:157,0
DA:161,0
DA:163,0
DA:171,21
DA:172,0
DA:177,0
DA:178,0
DA:188,0
DA:192,21
DA:193,0
DA:195,0
DA:202,0
DA:204,0
DA:219,0
DA:221,0
DA:222,0
DA:225,0
DA:226,0
DA:229,0
DA:230,0
DA:232,0
DA:235,0
DA:239,21
DA:240,0
DA:242,0
DA:249,0
DA:250,0
DA:254,0
DA:255,0
DA:256,0
DA:257,0
DA:258,0
DA:260,0
DA:262,0
DA:266,21
DA:267,0
DA:268,0
DA:272,21
DA:273,0
DA:291,21
DA:292,0
DA:307,0
DA:316,21
LF:55
LH:14
BRDA:144,0,0,0
BRDA:144,0,1,0
BRDA:150,1,0,0
BRDA:150,1,1,0
BRDA:158,2,0,0
BRDA:158,2,1,0
BRDA:177,3,0,0
BRDA:177,3,1,0
BRDA:192,4,0,0
BRDA:192,5,0,0
BRDA:193,6,0,0
BRDA:193,6,1,0
BRDA:202,7,0,0
BRDA:202,7,1,0
BRDA:207,8,0,0
BRDA:207,8,1,0
BRDA:208,9,0,0
BRDA:208,9,1,0
BRDA:219,10,0,0
BRDA:219,10,1,0
BRDA:239,11,0,0
BRDA:240,12,0,0
BRDA:240,12,1,0
BRDA:249,13,0,0
BRDA:249,13,1,0
BRDA:272,14,0,0
BRDA:308,15,0,0
BRDA:308,15,1,0
BRDA:309,16,0,0
BRDA:309,16,1,0
BRDA:310,17,0,0
BRDA:310,17,1,0
BRDA:311,18,0,0
BRDA:311,18,1,0
BRDA:312,19,0,0
BRDA:312,19,1,0
BRF:36
BRH:0
end_of_record
TN:
SF:models/LotteryPrize.js
FN:5,(anonymous_0)
FN:46,(anonymous_1)
FN:58,(anonymous_2)
FN:69,(anonymous_3)
FN:77,(anonymous_4)
FN:82,(anonymous_5)
FN:87,(anonymous_6)
FN:105,(anonymous_7)
FN:110,(anonymous_8)
FN:115,(anonymous_9)
FN:132,(anonymous_10)
FN:163,(anonymous_11)
FNF:12
FNH:2
FNDA:21,(anonymous_0)
FNDA:0,(anonymous_1)
FNDA:0,(anonymous_2)
FNDA:0,(anonymous_3)
FNDA:0,(anonymous_4)
FNDA:0,(anonymous_5)
FNDA:0,(anonymous_6)
FNDA:0,(anonymous_7)
FNDA:0,(anonymous_8)
FNDA:0,(anonymous_9)
FNDA:0,(anonymous_10)
FNDA:21,(anonymous_11)
DA:1,21
DA:7,21
DA:13,21
DA:19,21
DA:20,21
DA:28,21
DA:29,21
DA:37,21
DA:38,21
DA:47,0
DA:54,0
DA:59,0
DA:65,0
DA:70,0
DA:71,0
DA:72,0
DA:73,0
DA:78,0
DA:83,0
DA:88,0
DA:90,0
DA:91,0
DA:93,0
DA:101,0
DA:106,0
DA:111,0
DA:116,0
DA:133,0
DA:135,0
DA:136,0
DA:139,0
DA:143,0
DA:146,0
DA:147,0
DA:150,0
DA:156,0
DA:159,0
DA:163,21
DA:164,21
DA:312,21
LF:40
LH:12
BRDA:19,0,0,21
BRDA:19,0,1,0
BRDA:28,1,0,21
BRDA:28,1,1,0
BRDA:37,2,0,21
BRDA:37,2,1,0
BRDA:54,3,0,0
BRDA:54,3,1,0
BRDA:65,4,0,0
BRDA:65,4,1,0
BRDA:70,5,0,0
BRDA:70,5,1,0
BRDA:71,6,0,0
BRDA:71,6,1,0
BRDA:71,7,0,0
BRDA:71,7,1,0
BRDA:72,8,0,0
BRDA:72,8,1,0
BRDA:72,9,0,0
BRDA:72,9,1,0
BRDA:78,10,0,0
BRDA:78,10,1,0
BRDA:87,11,0,0
BRDA:88,12,0,0
BRDA:88,12,1,0
BRDA:91,13,0,0
BRDA:91,13,1,0
BRDA:96,14,0,0
BRDA:96,14,1,0
BRDA:105,15,0,0
BRDA:135,16,0,0
BRDA:135,16,1,0
BRDA:135,17,0,0
BRDA:135,17,1,0
BRDA:139,18,0,0
BRDA:139,18,1,0
BRDA:140,19,0,0
BRDA:140,19,1,0
BRDA:146,20,0,0
BRDA:146,20,1,0
BRDA:146,21,0,0
BRDA:146,21,1,0
BRDA:146,21,2,0
BRDA:150,22,0,0
BRDA:150,22,1,0
BRDA:151,23,0,0
BRDA:151,23,1,0
BRDA:151,23,2,0
BRDA:151,23,3,0
BRF:49
BRH:3
end_of_record
TN:
SF:models/LotteryRecord.js
FN:9,(anonymous_0)
FN:304,(anonymous_1)
FN:341,(anonymous_2)
FN:393,(anonymous_3)
FN:432,(anonymous_4)
FN:461,(anonymous_5)
FNF:6
FNH:2
FNDA:21,(anonymous_0)
FNDA:21,(anonymous_1)
FNDA:0,(anonymous_2)
FNDA:0,(anonymous_3)
FNDA:0,(anonymous_4)
FNDA:0,(anonymous_5)
DA:7,21
DA:9,21
DA:10,21
DA:304,21
DA:306,21
DA:313,21
DA:320,21
DA:328,21
DA:329,21
DA:341,21
DA:342,0
DA:345,0
DA:346,0
DA:352,0
DA:358,0
DA:360,0
DA:366,0
DA:369,0
DA:370,0
DA:371,0
DA:377,0
DA:378,0
DA:379,0
DA:385,0
DA:393,21
DA:402,0
DA:404,0
DA:406,0
DA:407,0
DA:408,0
DA:410,0
DA:411,0
DA:412,0
DA:413,0
DA:416,0
DA:432,21
DA:433,0
DA:450,0
DA:461,21
DA:462,0
DA:464,0
DA:494,21
LF:42
LH:14
BRDA:328,0,0,21
BRDA:328,0,1,0
BRDA:345,1,0,0
BRDA:345,1,1,0
BRDA:358,2,0,0
BRDA:358,2,1,0
BRDA:366,3,0,0
BRDA:366,3,1,0
BRDA:369,4,0,0
BRDA:369,4,1,0
BRDA:369,5,0,0
BRDA:369,5,1,0
BRDA:377,6,0,0
BRDA:377,6,1,0
BRDA:377,7,0,0
BRDA:377,7,1,0
BRDA:393,8,0,0
BRDA:395,9,0,0
BRDA:396,10,0,0
BRDA:397,11,0,0
BRDA:398,12,0,0
BRDA:399,13,0,0
BRDA:400,14,0,0
BRDA:401,15,0,0
BRDA:406,16,0,0
BRDA:406,16,1,0
BRDA:407,17,0,0
BRDA:407,17,1,0
BRDA:408,18,0,0
BRDA:408,18,1,0
BRDA:410,19,0,0
BRDA:410,19,1,0
BRDA:410,20,0,0
BRDA:410,20,1,0
BRDA:412,21,0,0
BRDA:412,21,1,0
BRDA:413,22,0,0
BRDA:413,22,1,0
BRDA:451,23,0,0
BRDA:451,23,1,0
BRDA:452,24,0,0
BRDA:452,24,1,0
BRDA:453,25,0,0
BRDA:453,25,1,0
BRDA:454,26,0,0
BRDA:454,26,1,0
BRDA:455,27,0,0
BRDA:455,27,1,0
BRDA:456,28,0,0
BRDA:456,28,1,0
BRDA:461,29,0,0
BRDA:462,30,0,0
BRDA:462,30,1,0
BRDA:468,31,0,0
BRDA:468,31,1,0
BRDA:469,32,0,0
BRDA:469,32,1,0
BRDA:470,33,0,0
BRDA:470,33,1,0
BRDA:471,34,0,0
BRDA:471,34,1,0
BRDA:472,35,0,0
BRDA:472,35,1,0
BRDA:473,36,0,0
BRDA:473,36,1,0
BRDA:474,37,0,0
BRDA:474,37,1,0
BRDA:475,38,0,0
BRDA:475,38,1,0
BRDA:476,39,0,0
BRDA:476,39,1,0
BRDA:477,40,0,0
BRDA:477,40,1,0
BRDA:478,41,0,0
BRDA:478,41,1,0
BRDA:479,42,0,0
BRDA:479,42,1,0
BRDA:480,43,0,0
BRDA:480,43,1,0
BRDA:481,44,0,0
BRDA:481,44,1,0
BRDA:482,45,0,0
BRDA:482,45,1,0
BRDA:483,46,0,0
BRDA:483,46,1,0
BRDA:484,47,0,0
BRDA:484,47,1,0
BRDA:485,48,0,0
BRDA:485,48,1,0
BRDA:486,49,0,0
BRDA:486,49,1,0
BRDA:487,50,0,0
BRDA:487,50,1,0
BRF:93
BRH:1
end_of_record
TN:
SF:models/PointsTransaction.js
FN:22,(anonymous_0)
FN:59,(anonymous_1)
FN:73,(anonymous_2)
FN:91,(anonymous_3)
FN:99,(anonymous_4)
FN:107,(anonymous_5)
FN:115,(anonymous_6)
FN:135,(anonymous_7)
FN:178,(anonymous_8)
FN:193,(anonymous_9)
FN:211,(anonymous_10)
FN:223,(anonymous_11)
FN:234,(anonymous_12)
FN:246,(anonymous_13)
FN:284,(anonymous_14)
FN:311,(anonymous_15)
FN:325,(anonymous_16)
FN:366,(anonymous_17)
FN:380,(anonymous_18)
FN:381,(anonymous_19)
FN:386,(anonymous_20)
FN:403,(anonymous_21)
FN:404,(anonymous_22)
FN:405,(anonymous_23)
FN:407,(anonymous_24)
FN:409,(anonymous_25)
FN:437,(anonymous_26)
FN:465,(anonymous_27)
FN:474,(anonymous_28)
FN:483,(anonymous_29)
FN:629,(anonymous_30)
FN:632,(anonymous_31)
FNF:32
FNH:2
FNDA:21,(anonymous_0)
FNDA:0,(anonymous_1)
FNDA:0,(anonymous_2)
FNDA:0,(anonymous_3)
FNDA:0,(anonymous_4)
FNDA:0,(anonymous_5)
FNDA:0,(anonymous_6)
FNDA:0,(anonymous_7)
FNDA:0,(anonymous_8)
FNDA:0,(anonymous_9)
FNDA:0,(anonymous_10)
FNDA:0,(anonymous_11)
FNDA:0,(anonymous_12)
FNDA:0,(anonymous_13)
FNDA:0,(anonymous_14)
FNDA:0,(anonymous_15)
FNDA:0,(anonymous_16)
FNDA:0,(anonymous_17)
FNDA:0,(anonymous_18)
FNDA:0,(anonymous_19)
FNDA:0,(anonymous_20)
FNDA:0,(anonymous_21)
FNDA:0,(anonymous_22)
FNDA:0,(anonymous_23)
FNDA:0,(anonymous_24)
FNDA:0,(anonymous_25)
FNDA:21,(anonymous_26)
FNDA:0,(anonymous_27)
FNDA:0,(anonymous_28)
FNDA:0,(anonymous_29)
FNDA:0,(anonymous_30)
FNDA:0,(anonymous_31)
DA:10,21
DA:24,21
DA:31,21
DA:38,21
DA:45,21
DA:60,0
DA:66,0
DA:74,0
DA:84,0
DA:92,0
DA:100,0
DA:108,0
DA:116,0
DA:117,0
DA:118,0
DA:119,0
DA:121,0
DA:136,0
DA:137,0
DA:140,0
DA:141,0
DA:145,0
DA:146,0
DA:147,0
DA:153,0
DA:154,0
DA:158,0
DA:159,0
DA:162,0
DA:163,0
DA:166,0
DA:179,0
DA:186,0
DA:194,0
DA:195,0
DA:197,0
DA:212,0
DA:213,0
DA:214,0
DA:215,0
DA:224,0
DA:225,0
DA:226,0
DA:227,0
DA:235,0
DA:236,0
DA:237,0
DA:238,0
DA:239,0
DA:247,0
DA:250,0
DA:251,0
DA:259,0
DA:260,0
DA:268,0
DA:269,0
DA:270,0
DA:277,0
DA:285,0
DA:288,0
DA:289,0
DA:292,0
DA:295,0
DA:296,0
DA:297,0
DA:300,0
DA:301,0
DA:304,0
DA:312,0
DA:326,0
DA:327,0
DA:328,0
DA:330,0
DA:367,0
DA:368,0
DA:369,0
DA:370,0
DA:372,0
DA:381,0
DA:386,0
DA:387,0
DA:389,0
DA:404,0
DA:405,0
DA:407,0
DA:408,0
DA:409,0
DA:413,0
DA:437,21
DA:438,21
DA:466,0
DA:467,0
DA:475,0
DA:476,0
DA:484,0
DA:485,0
DA:630,0
DA:633,0
DA:663,21
LF:99
LH:8
BRDA:66,0,0,0
BRDA:66,0,1,0
BRDA:84,1,0,0
BRDA:84,1,1,0
BRDA:140,2,0,0
BRDA:140,2,1,0
BRDA:146,3,0,0
BRDA:146,3,1,0
BRDA:153,4,0,0
BRDA:153,4,1,0
BRDA:153,5,0,0
BRDA:153,5,1,0
BRDA:158,6,0,0
BRDA:158,6,1,0
BRDA:158,7,0,0
BRDA:158,7,1,0
BRDA:162,8,0,0
BRDA:162,8,1,0
BRDA:162,9,0,0
BRDA:162,9,1,0
BRDA:201,10,0,0
BRDA:201,10,1,0
BRDA:212,11,0,0
BRDA:212,11,1,0
BRDA:212,12,0,0
BRDA:212,12,1,0
BRDA:213,13,0,0
BRDA:213,13,1,0
BRDA:213,14,0,0
BRDA:213,14,1,0
BRDA:214,15,0,0
BRDA:214,15,1,0
BRDA:214,16,0,0
BRDA:214,16,1,0
BRDA:224,17,0,0
BRDA:224,17,1,0
BRDA:225,18,0,0
BRDA:225,18,1,0
BRDA:226,19,0,0
BRDA:226,19,1,0
BRDA:226,20,0,0
BRDA:226,20,1,0
BRDA:236,21,0,0
BRDA:236,21,1,0
BRDA:237,22,0,0
BRDA:237,22,1,0
BRDA:238,23,0,0
BRDA:238,23,1,0
BRDA:250,24,0,0
BRDA:250,24,1,0
BRDA:250,25,0,0
BRDA:250,25,1,0
BRDA:259,26,0,0
BRDA:259,26,1,0
BRDA:259,27,0,0
BRDA:259,27,1,0
BRDA:269,28,0,0
BRDA:269,28,1,0
BRDA:269,29,0,0
BRDA:269,29,1,0
BRDA:300,30,0,0
BRDA:300,30,1,0
BRDA:370,31,0,0
BRDA:370,31,1,0
BRDA:423,32,0,0
BRDA:423,32,1,0
BRDA:425,33,0,0
BRDA:425,33,1,0
BRDA:426,34,0,0
BRDA:426,34,1,0
BRDA:467,35,0,0
BRDA:467,35,1,0
BRDA:476,36,0,0
BRDA:476,36,1,0
BRDA:485,37,0,0
BRDA:485,37,1,0
BRF:76
BRH:0
end_of_record
TN:
SF:models/PrizeDistribution.js
FN:10,(anonymous_0)
FN:18,(anonymous_1)
FN:60,(anonymous_2)
FN:64,(anonymous_3)
FN:115,(anonymous_4)
FN:126,(anonymous_5)
FN:137,(anonymous_6)
FN:141,(anonymous_7)
FN:207,(anonymous_8)
FN:211,(anonymous_9)
FN:229,(anonymous_10)
FN:240,(anonymous_11)
FN:252,(anonymous_12)
FN:263,(anonymous_13)
FN:319,(anonymous_14)
FN:358,(anonymous_15)
FN:364,(anonymous_16)
FN:369,(anonymous_17)
FN:381,(anonymous_18)
FNF:19
FNH:2
FNDA:21,(anonymous_0)
FNDA:0,(anonymous_1)
FNDA:0,(anonymous_2)
FNDA:0,(anonymous_3)
FNDA:0,(anonymous_4)
FNDA:0,(anonymous_5)
FNDA:0,(anonymous_6)
FNDA:0,(anonymous_7)
FNDA:0,(anonymous_8)
FNDA:0,(anonymous_9)
FNDA:0,(anonymous_10)
FNDA:0,(anonymous_11)
FNDA:0,(anonymous_12)
FNDA:0,(anonymous_13)
FNDA:21,(anonymous_14)
FNDA:0,(anonymous_15)
FNDA:0,(anonymous_16)
FNDA:0,(anonymous_17)
FNDA:0,(anonymous_18)
DA:8,21
DA:10,21
DA:11,21
DA:18,0
DA:61,0
DA:62,0
DA:65,0
DA:116,0
DA:117,0
DA:127,0
DA:128,0
DA:138,0
DA:139,0
DA:142,0
DA:208,0
DA:209,0
DA:212,0
DA:230,0
DA:231,0
DA:241,0
DA:242,0
DA:253,0
DA:264,0
DA:319,21
DA:321,21
DA:330,21
DA:339,21
DA:348,21
DA:358,21
DA:359,0
DA:360,0
DA:364,21
DA:365,0
DA:369,21
DA:370,0
DA:377,0
DA:381,21
DA:382,0
DA:384,0
DA:385,0
DA:386,0
DA:387,0
DA:388,0
DA:389,0
DA:390,0
DA:393,0
DA:405,0
DA:408,21
LF:48
LH:13
BRDA:62,0,0,0
BRDA:62,0,1,0
BRDA:117,1,0,0
BRDA:117,1,1,0
BRDA:128,2,0,0
BRDA:128,2,1,0
BRDA:139,3,0,0
BRDA:139,3,1,0
BRDA:209,4,0,0
BRDA:209,4,1,0
BRDA:231,5,0,0
BRDA:231,5,1,0
BRDA:242,6,0,0
BRDA:242,6,1,0
BRDA:359,7,0,0
BRDA:359,7,1,0
BRDA:365,8,0,0
BRDA:365,8,1,0
BRDA:377,9,0,0
BRDA:377,9,1,0
BRDA:381,10,0,0
BRDA:385,11,0,0
BRDA:385,11,1,0
BRDA:386,12,0,0
BRDA:386,12,1,0
BRDA:387,13,0,0
BRDA:387,13,1,0
BRDA:387,14,0,0
BRDA:387,14,1,0
BRDA:389,15,0,0
BRDA:389,15,1,0
BRDA:390,16,0,0
BRDA:390,16,1,0
BRF:33
BRH:0
end_of_record
TN:
SF:models/Product.js
FN:8,(anonymous_0)
FN:184,(anonymous_1)
FN:194,(anonymous_2)
FN:198,(anonymous_3)
FN:203,(anonymous_4)
FNF:5
FNH:1
FNDA:21,(anonymous_0)
FNDA:0,(anonymous_1)
FNDA:0,(anonymous_2)
FNDA:0,(anonymous_3)
FNDA:0,(anonymous_4)
DA:6,21
DA:8,21
DA:9,21
DA:184,21
DA:185,0
DA:186,0
DA:187,0
DA:188,0
DA:190,0
DA:194,21
DA:195,0
DA:198,21
DA:199,0
DA:203,21
DA:211,0
DA:213,0
DA:218,0
DA:219,0
DA:223,0
DA:224,0
DA:228,0
DA:229,0
DA:232,0
DA:240,21
LF:24
LH:8
BRDA:185,0,0,0
BRDA:185,0,1,0
BRDA:187,1,0,0
BRDA:187,1,1,0
BRDA:195,2,0,0
BRDA:195,2,1,0
BRDA:199,3,0,0
BRDA:199,3,1,0
BRDA:203,4,0,0
BRDA:205,5,0,0
BRDA:206,6,0,0
BRDA:207,7,0,0
BRDA:208,8,0,0
BRDA:209,9,0,0
BRDA:210,10,0,0
BRDA:218,11,0,0
BRDA:218,11,1,0
BRDA:223,12,0,0
BRDA:223,12,1,0
BRDA:228,13,0,0
BRDA:228,13,1,0
BRF:21
BRH:0
end_of_record
TN:
SF:models/QuickReply.js
FN:9,(anonymous_0)
FN:78,(anonymous_1)
FN:87,(anonymous_2)
FN:91,(anonymous_3)
FN:95,(anonymous_4)
FN:99,(anonymous_5)
FN:104,(anonymous_6)
FN:127,(anonymous_7)
FN:146,(anonymous_8)
FN:160,(anonymous_9)
FN:167,(anonymous_10)
FN:174,(anonymous_11)
FN:188,(anonymous_12)
FNF:13
FNH:2
FNDA:21,(anonymous_0)
FNDA:21,(anonymous_1)
FNDA:0,(anonymous_2)
FNDA:0,(anonymous_3)
FNDA:0,(anonymous_4)
FNDA:0,(anonymous_5)
FNDA:0,(anonymous_6)
FNDA:0,(anonymous_7)
FNDA:0,(anonymous_8)
FNDA:0,(anonymous_9)
FNDA:0,(anonymous_10)
FNDA:0,(anonymous_11)
FNDA:0,(anonymous_12)
DA:7,21
DA:9,21
DA:10,21
DA:78,21
DA:80,21
DA:87,21
DA:88,0
DA:91,21
DA:92,0
DA:95,21
DA:96,0
DA:99,21
DA:100,0
DA:104,21
DA:105,0
DA:113,0
DA:114,0
DA:117,0
DA:127,21
DA:128,0
DA:133,0
DA:134,0
DA:137,0
DA:146,21
DA:147,0
DA:149,0
DA:150,0
DA:153,0
DA:160,21
DA:161,0
DA:167,21
DA:168,0
DA:174,21
DA:175,0
DA:177,0
DA:178,0
DA:181,0
DA:188,0
DA:194,21
LF:39
LH:16
BRDA:104,0,0,0
BRDA:113,1,0,0
BRDA:113,1,1,0
BRDA:127,2,0,0
BRDA:133,3,0,0
BRDA:133,3,1,0
BRDA:146,4,0,0
BRDA:146,5,0,0
BRDA:149,6,0,0
BRDA:149,6,1,0
BRDA:174,7,0,0
BRDA:177,8,0,0
BRDA:177,8,1,0
BRF:13
BRH:0
end_of_record
TN:
SF:models/ScheduledTask.js
FN:9,(anonymous_0)
FN:52,(anonymous_1)
FN:56,(anonymous_2)
FN:147,(anonymous_3)
FN:154,(anonymous_4)
FN:168,(anonymous_5)
FN:178,(anonymous_6)
FN:199,(anonymous_7)
FN:206,(anonymous_8)
FN:213,(anonymous_9)
FNF:10
FNH:2
FNDA:21,(anonymous_0)
FNDA:0,(anonymous_1)
FNDA:0,(anonymous_2)
FNDA:0,(anonymous_3)
FNDA:0,(anonymous_4)
FNDA:21,(anonymous_5)
FNDA:0,(anonymous_6)
FNDA:0,(anonymous_7)
FNDA:0,(anonymous_8)
FNDA:0,(anonymous_9)
DA:7,21
DA:9,21
DA:10,21
DA:53,0
DA:54,0
DA:57,0
DA:149,0
DA:150,0
DA:151,0
DA:156,0
DA:157,0
DA:158,0
DA:159,0
DA:168,21
DA:170,21
DA:178,21
DA:179,0
DA:182,0
DA:183,0
DA:185,0
DA:186,0
DA:188,0
DA:189,0
DA:191,0
DA:192,0
DA:195,0
DA:199,21
DA:200,0
DA:206,21
DA:207,0
DA:213,21
DA:214,0
DA:230,21
LF:33
LH:10
BRDA:54,0,0,0
BRDA:54,0,1,0
BRDA:54,1,0,0
BRDA:54,1,1,0
BRDA:57,2,0,0
BRDA:57,2,1,0
BRDA:150,3,0,0
BRDA:150,3,1,0
BRDA:156,4,0,0
BRDA:156,4,1,0
BRDA:158,5,0,0
BRDA:158,5,1,0
BRDA:182,6,0,0
BRDA:182,6,1,0
BRDA:185,7,0,0
BRDA:185,7,1,0
BRDA:188,8,0,0
BRDA:188,8,1,0
BRDA:191,9,0,0
BRDA:191,9,1,0
BRF:20
BRH:0
end_of_record
TN:
SF:models/TaskProgressLog.js
FN:7,(anonymous_0)
FN:76,(anonymous_1)
FNF:2
FNH:2
FNDA:21,(anonymous_0)
FNDA:21,(anonymous_1)
DA:7,21
DA:8,21
DA:76,21
DA:77,21
DA:83,21
DA:89,21
LF:6
LH:6
BRF:0
BRH:0
end_of_record
TN:
SF:models/TaskTemplate.js
FN:10,(anonymous_0)
FN:143,(anonymous_1)
FN:149,(anonymous_2)
FN:159,(anonymous_3)
FN:173,(anonymous_4)
FN:177,(anonymous_5)
FN:186,(anonymous_6)
FN:194,(anonymous_7)
FNF:8
FNH:2
FNDA:21,(anonymous_0)
FNDA:0,(anonymous_1)
FNDA:0,(anonymous_2)
FNDA:0,(anonymous_3)
FNDA:0,(anonymous_4)
FNDA:0,(anonymous_5)
FNDA:0,(anonymous_6)
FNDA:21,(anonymous_7)
DA:10,21
DA:11,21
DA:144,0
DA:145,0
DA:150,0
DA:151,0
DA:160,0
DA:161,0
DA:164,0
DA:166,0
DA:169,0
DA:174,0
DA:176,0
DA:177,0
DA:178,0
DA:182,0
DA:187,0
DA:194,21
DA:196,21
DA:203,21
LF:20
LH:5
BRDA:144,0,0,0
BRDA:144,0,1,0
BRDA:150,1,0,0
BRDA:150,1,1,0
BRDA:150,2,0,0
BRDA:150,2,1,0
BRDA:150,2,2,0
BRDA:160,3,0,0
BRDA:160,3,1,0
BRDA:161,4,0,0
BRDA:161,4,1,0
BRDA:164,5,0,0
BRDA:164,5,1,0
BRDA:174,6,0,0
BRDA:174,6,1,0
BRDA:176,7,0,0
BRDA:176,7,1,0
BRDA:176,8,0,0
BRDA:176,8,1,0
BRDA:178,9,0,0
BRDA:178,9,1,0
BRDA:178,10,0,0
BRDA:178,10,1,0
BRDA:186,11,0,0
BRDA:187,12,0,0
BRDA:187,12,1,0
BRDA:187,13,0,0
BRDA:187,13,1,0
BRF:28
BRH:0
end_of_record
TN:
SF:models/TradeRecord.js
FN:8,(anonymous_0)
FN:125,(anonymous_1)
FN:128,(anonymous_2)
FN:258,(anonymous_3)
FN:262,(anonymous_4)
FN:266,(anonymous_5)
FN:270,(anonymous_6)
FN:275,(anonymous_7)
FN:281,(anonymous_8)
FN:295,(anonymous_9)
FNF:10
FNH:1
FNDA:21,(anonymous_0)
FNDA:0,(anonymous_1)
FNDA:0,(anonymous_2)
FNDA:0,(anonymous_3)
FNDA:0,(anonymous_4)
FNDA:0,(anonymous_5)
FNDA:0,(anonymous_6)
FNDA:0,(anonymous_7)
FNDA:0,(anonymous_8)
FNDA:0,(anonymous_9)
DA:6,21
DA:8,21
DA:9,21
DA:126,0
DA:129,0
DA:258,21
DA:259,0
DA:262,21
DA:263,0
DA:266,21
DA:267,0
DA:270,21
DA:271,0
DA:275,21
DA:276,0
DA:277,0
DA:278,0
DA:281,21
DA:283,0
DA:291,0
DA:292,0
DA:295,21
DA:303,0
DA:305,0
DA:309,0
DA:310,0
DA:313,0
DA:314,0
DA:317,0
DA:318,0
DA:323,0
DA:325,0
DA:345,21
LF:33
LH:11
BRDA:291,0,0,0
BRDA:291,0,1,0
BRDA:295,1,0,0
BRDA:297,2,0,0
BRDA:298,3,0,0
BRDA:299,4,0,0
BRDA:300,5,0,0
BRDA:301,6,0,0
BRDA:302,7,0,0
BRDA:309,8,0,0
BRDA:309,8,1,0
BRDA:313,9,0,0
BRDA:313,9,1,0
BRDA:317,10,0,0
BRDA:317,10,1,0
BRDA:317,11,0,0
BRDA:317,11,1,0
BRF:17
BRH:0
end_of_record
TN:
SF:models/UploadReview.js
FN:8,(anonymous_0)
FN:143,(anonymous_1)
FN:152,(anonymous_2)
FN:161,(anonymous_3)
FN:166,(anonymous_4)
FN:197,(anonymous_5)
FN:230,(anonymous_6)
FNF:7
FNH:1
FNDA:21,(anonymous_0)
FNDA:0,(anonymous_1)
FNDA:0,(anonymous_2)
FNDA:0,(anonymous_3)
FNDA:0,(anonymous_4)
FNDA:0,(anonymous_5)
FNDA:0,(anonymous_6)
DA:6,21
DA:8,21
DA:9,21
DA:143,21
DA:144,0
DA:145,0
DA:146,0
DA:147,0
DA:148,0
DA:149,0
DA:152,21
DA:153,0
DA:154,0
DA:155,0
DA:156,0
DA:157,0
DA:158,0
DA:161,21
DA:162,0
DA:166,21
DA:167,0
DA:169,0
DA:173,0
DA:174,0
DA:177,0
DA:197,21
DA:198,0
DA:200,0
DA:202,0
DA:203,0
DA:208,0
DA:209,0
DA:212,0
DA:227,0
DA:231,0
DA:232,0
DA:237,21
LF:37
LH:9
BRDA:143,0,0,0
BRDA:143,1,0,0
BRDA:152,2,0,0
BRDA:166,3,0,0
BRDA:167,4,0,0
BRDA:167,5,0,0
BRDA:167,6,0,0
BRDA:173,7,0,0
BRDA:173,7,1,0
BRDA:197,8,0,0
BRDA:198,9,0,0
BRDA:198,10,0,0
BRDA:198,11,0,0
BRDA:202,12,0,0
BRDA:202,12,1,0
BRDA:202,13,0,0
BRDA:202,13,1,0
BRDA:208,14,0,0
BRDA:208,14,1,0
BRDA:229,15,0,0
BRDA:229,15,1,0
BRF:21
BRH:0
end_of_record
TN:
SF:models/User.js
FN:10,(anonymous_0)
FN:117,(anonymous_1)
FNF:2
FNH:2
FNDA:21,(anonymous_0)
FNDA:21,(anonymous_1)
DA:8,21
DA:10,21
DA:11,21
DA:117,21
DA:119,21
DA:125,21
DA:132,21
DA:139,21
DA:140,21
DA:148,21
DA:149,21
DA:156,21
DA:157,21
DA:165,21
DA:166,21
DA:173,21
DA:174,0
DA:181,21
DA:182,0
DA:189,21
DA:190,21
DA:197,21
DA:198,21
DA:205,21
DA:206,0
DA:213,21
DA:214,21
DA:221,21
DA:222,21
DA:229,21
DA:230,0
DA:237,21
LF:32
LH:28
BRDA:139,0,0,21
BRDA:139,0,1,0
BRDA:148,1,0,21
BRDA:148,1,1,0
BRDA:156,2,0,21
BRDA:156,2,1,0
BRDA:165,3,0,21
BRDA:165,3,1,0
BRDA:173,4,0,0
BRDA:173,4,1,21
BRDA:181,5,0,0
BRDA:181,5,1,21
BRDA:189,6,0,21
BRDA:189,6,1,0
BRDA:197,7,0,21
BRDA:197,7,1,0
BRDA:205,8,0,0
BRDA:205,8,1,21
BRDA:213,9,0,21
BRDA:213,9,1,0
BRDA:221,10,0,21
BRDA:221,10,1,0
BRDA:229,11,0,0
BRDA:229,11,1,21
BRF:24
BRH:12
end_of_record
TN:
SF:models/UserInventory.js
FN:9,(anonymous_0)
FN:178,(anonymous_1)
FN:193,(anonymous_2)
FN:198,(anonymous_3)
FN:202,(anonymous_4)
FN:209,(anonymous_5)
FNF:6
FNH:2
FNDA:21,(anonymous_0)
FNDA:21,(anonymous_1)
FNDA:0,(anonymous_2)
FNDA:0,(anonymous_3)
FNDA:0,(anonymous_4)
FNDA:0,(anonymous_5)
DA:7,21
DA:9,21
DA:10,21
DA:178,21
DA:180,21
DA:186,21
DA:193,21
DA:194,0
DA:195,0
DA:198,21
DA:199,0
DA:202,21
DA:203,0
DA:204,0
DA:205,0
DA:209,21
DA:210,0
DA:212,0
DA:216,0
DA:217,0
DA:218,0
DA:221,0
DA:224,0
DA:225,0
DA:226,0
DA:228,0
DA:231,21
LF:27
LH:11
BRDA:194,0,0,0
BRDA:194,0,1,0
BRDA:199,1,0,0
BRDA:199,1,1,0
BRDA:203,2,0,0
BRDA:203,2,1,0
BRDA:205,3,0,0
BRDA:205,3,1,0
BRF:8
BRH:0
end_of_record
TN:
SF:models/UserPointsAccount.js
FN:23,(anonymous_0)
FN:55,(anonymous_1)
FN:70,(anonymous_2)
FN:88,(anonymous_3)
FN:109,(anonymous_4)
FN:134,(anonymous_5)
FN:156,(anonymous_6)
FN:172,(anonymous_7)
FN:184,(anonymous_8)
FN:231,(anonymous_9)
FN:280,(anonymous_10)
FN:314,(anonymous_11)
FN:349,(anonymous_12)
FN:369,(anonymous_13)
FN:379,(anonymous_14)
FN:389,(anonymous_15)
FN:426,(anonymous_16)
FNF:17
FNH:6
FNDA:21,(anonymous_0)
FNDA:0,(anonymous_1)
FNDA:0,(anonymous_2)
FNDA:0,(anonymous_3)
FNDA:0,(anonymous_4)
FNDA:0,(anonymous_5)
FNDA:0,(anonymous_6)
FNDA:0,(anonymous_7)
FNDA:0,(anonymous_8)
FNDA:0,(anonymous_9)
FNDA:0,(anonymous_10)
FNDA:0,(anonymous_11)
FNDA:21,(anonymous_12)
FNDA:101,(anonymous_13)
FNDA:5,(anonymous_14)
FNDA:5,(anonymous_15)
FNDA:7,(anonymous_16)
DA:10,21
DA:11,21
DA:25,21
DA:33,21
DA:41,21
DA:56,0
DA:63,0
DA:71,0
DA:78,0
DA:79,0
DA:81,0
DA:89,0
DA:95,0
DA:96,0
DA:97,0
DA:101,0
DA:110,0
DA:111,0
DA:114,0
DA:118,0
DA:125,0
DA:126,0
DA:136,0
DA:144,0
DA:145,0
DA:148,0
DA:149,0
DA:157,0
DA:158,0
DA:159,0
DA:160,0
DA:161,0
DA:162,0
DA:164,0
DA:173,0
DA:185,0
DA:186,0
DA:189,0
DA:190,0
DA:198,0
DA:199,0
DA:207,0
DA:211,0
DA:212,0
DA:219,0
DA:232,0
DA:233,0
DA:236,0
DA:239,0
DA:240,0
DA:241,0
DA:250,0
DA:251,0
DA:260,0
DA:261,0
DA:269,0
DA:281,0
DA:282,0
DA:283,0
DA:285,0
DA:315,0
DA:317,0
DA:318,0
DA:321,0
DA:322,0
DA:325,0
DA:326,0
DA:329,0
DA:330,0
DA:333,0
DA:334,0
DA:337,0
DA:349,21
DA:350,21
DA:370,101
DA:371,101
DA:380,5
DA:381,5
DA:390,5
DA:391,5
DA:427,7
DA:428,7
DA:474,21
LF:83
LH:16
BRDA:63,0,0,0
BRDA:63,0,1,0
BRDA:79,1,0,0
BRDA:79,1,1,0
BRDA:96,2,0,0
BRDA:96,2,1,0
BRDA:96,3,0,0
BRDA:96,3,1,0
BRDA:118,4,0,0
BRDA:118,4,1,0
BRDA:144,5,0,0
BRDA:144,5,1,0
BRDA:157,6,0,0
BRDA:157,6,1,0
BRDA:159,7,0,0
BRDA:159,7,1,0
BRDA:161,8,0,0
BRDA:161,8,1,0
BRDA:189,9,0,0
BRDA:189,9,1,0
BRDA:198,10,0,0
BRDA:198,10,1,0
BRDA:207,11,0,0
BRDA:207,11,1,0
BRDA:211,12,0,0
BRDA:211,12,1,0
BRDA:211,13,0,0
BRDA:211,13,1,0
BRDA:232,14,0,0
BRDA:232,14,1,0
BRDA:240,15,0,0
BRDA:240,15,1,0
BRDA:240,16,0,0
BRDA:240,16,1,0
BRDA:250,17,0,0
BRDA:250,17,1,0
BRDA:260,18,0,0
BRDA:260,18,1,0
BRDA:260,19,0,0
BRDA:260,19,1,0
BRDA:304,20,0,0
BRDA:304,20,1,0
BRDA:317,21,0,0
BRDA:317,21,1,0
BRDA:321,22,0,0
BRDA:321,22,1,0
BRDA:325,23,0,0
BRDA:325,23,1,0
BRDA:329,24,0,0
BRDA:329,24,1,0
BRDA:333,25,0,0
BRDA:333,25,1,0
BRDA:333,26,0,0
BRDA:333,26,1,0
BRDA:371,27,0,101
BRDA:371,27,1,0
BRDA:381,28,0,5
BRDA:381,28,1,0
BRDA:391,29,0,5
BRDA:391,29,1,0
BRDA:428,30,0,7
BRDA:428,30,1,0
BRF:62
BRH:4
end_of_record
TN:
SF:models/UserPoolAccess.js
FN:7,(anonymous_0)
FN:89,(anonymous_1)
FNF:2
FNH:2
FNDA:21,(anonymous_0)
FNDA:21,(anonymous_1)
DA:7,21
DA:8,21
DA:89,21
DA:90,21
DA:103,21
LF:5
LH:5
BRF:0
BRH:0
end_of_record
TN:
SF:models/UserSession.js
FN:9,(anonymous_0)
FN:102,(anonymous_1)
FN:106,(anonymous_2)
FN:110,(anonymous_3)
FN:116,(anonymous_4)
FN:123,(anonymous_5)
FN:132,(anonymous_6)
FN:158,(anonymous_7)
FN:167,(anonymous_8)
FN:179,(anonymous_9)
FN:193,(anonymous_10)
FN:212,(anonymous_11)
FN:225,(anonymous_12)
FN:241,(anonymous_13)
FN:251,(anonymous_14)
FN:254,(anonymous_15)
FN:266,(anonymous_16)
FNF:17
FNH:2
FNDA:21,(anonymous_0)
FNDA:0,(anonymous_1)
FNDA:0,(anonymous_2)
FNDA:0,(anonymous_3)
FNDA:0,(anonymous_4)
FNDA:0,(anonymous_5)
FNDA:0,(anonymous_6)
FNDA:0,(anonymous_7)
FNDA:0,(anonymous_8)
FNDA:0,(anonymous_9)
FNDA:0,(anonymous_10)
FNDA:0,(anonymous_11)
FNDA:0,(anonymous_12)
FNDA:0,(anonymous_13)
FNDA:0,(anonymous_14)
FNDA:0,(anonymous_15)
FNDA:21,(anonymous_16)
DA:7,21
DA:9,21
DA:10,21
DA:102,21
DA:103,0
DA:106,21
DA:107,0
DA:110,21
DA:111,0
DA:116,21
DA:117,0
DA:118,0
DA:123,21
DA:124,0
DA:125,0
DA:132,21
DA:141,0
DA:143,0
DA:145,0
DA:158,21
DA:159,0
DA:167,21
DA:168,0
DA:179,21
DA:180,0
DA:193,21
DA:194,0
DA:200,0
DA:201,0
DA:206,0
DA:208,0
DA:209,0
DA:212,21
DA:213,0
DA:221,0
DA:222,0
DA:225,21
DA:226,0
DA:241,0
DA:242,0
DA:246,0
DA:251,21
DA:253,0
DA:254,0
DA:255,0
DA:256,0
DA:258,0
DA:262,0
DA:266,21
DA:268,21
DA:278,21
DA:288,21
LF:52
LH:20
BRDA:107,0,0,0
BRDA:107,0,1,0
BRDA:116,1,0,0
BRDA:117,2,0,0
BRDA:117,2,1,0
BRDA:123,3,0,0
BRDA:140,4,0,0
BRDA:193,5,0,0
BRDA:200,6,0,0
BRDA:200,6,1,0
BRF:10
BRH:0
end_of_record
TN:
SF:models/UserSpecificPrizeQueue.js
FN:13,(anonymous_0)
FN:21,(anonymous_1)
FN:160,(anonymous_2)
FN:198,(anonymous_3)
FN:223,(anonymous_4)
FN:247,(anonymous_5)
FN:254,(anonymous_6)
FN:280,(anonymous_7)
FN:299,(anonymous_8)
FNF:9
FNH:4
FNDA:21,(anonymous_0)
FNDA:32,(anonymous_1)
FNDA:21,(anonymous_2)
FNDA:37,(anonymous_3)
FNDA:0,(anonymous_4)
FNDA:0,(anonymous_5)
FNDA:0,(anonymous_6)
FNDA:0,(anonymous_7)
FNDA:0,(anonymous_8)
DA:11,21
DA:13,21
DA:14,21
DA:23,32
DA:24,32
DA:25,32
DA:160,21
DA:162,21
DA:169,21
DA:176,21
DA:183,21
DA:198,21
DA:199,37
DA:215,37
DA:223,21
DA:224,0
DA:235,0
DA:247,21
DA:254,0
DA:267,0
DA:269,0
DA:271,0
DA:280,21
DA:281,0
DA:291,0
DA:299,0
DA:300,0
DA:301,0
DA:304,0
DA:307,21
LF:30
LH:18
BRDA:252,0,0,0
BRDA:262,1,0,0
BRDA:262,1,1,0
BRF:3
BRH:0
end_of_record
TN:
SF:models/UserTask.js
FN:10,(anonymous_0)
FN:152,(anonymous_1)
FN:161,(anonymous_2)
FN:171,(anonymous_3)
FN:190,(anonymous_4)
FN:196,(anonymous_5)
FN:201,(anonymous_6)
FN:228,(anonymous_7)
FN:236,(anonymous_8)
FN:246,(anonymous_9)
FNF:10
FNH:2
FNDA:21,(anonymous_0)
FNDA:0,(anonymous_1)
FNDA:0,(anonymous_2)
FNDA:0,(anonymous_3)
FNDA:0,(anonymous_4)
FNDA:0,(anonymous_5)
FNDA:0,(anonymous_6)
FNDA:0,(anonymous_7)
FNDA:0,(anonymous_8)
FNDA:21,(anonymous_9)
DA:10,21
DA:11,21
DA:12,21
DA:153,0
DA:154,0
DA:156,0
DA:157,0
DA:162,0
DA:163,0
DA:172,0
DA:173,0
DA:180,0
DA:181,0
DA:182,0
DA:191,0
DA:192,0
DA:197,0
DA:202,0
DA:203,0
DA:206,0
DA:207,0
DA:223,0
DA:224,0
DA:229,0
DA:230,0
DA:231,0
DA:232,0
DA:237,0
DA:238,0
DA:239,0
DA:246,21
DA:248,21
DA:254,21
DA:261,21
DA:268,21
LF:35
LH:8
BRDA:153,0,0,0
BRDA:153,0,1,0
BRDA:156,1,0,0
BRDA:156,1,1,0
BRDA:162,2,0,0
BRDA:162,2,1,0
BRDA:162,3,0,0
BRDA:162,3,1,0
BRDA:172,4,0,0
BRDA:172,4,1,0
BRDA:180,5,0,0
BRDA:180,5,1,0
BRDA:180,6,0,0
BRDA:180,6,1,0
BRDA:191,7,0,0
BRDA:191,7,1,0
BRDA:197,8,0,0
BRDA:197,8,1,0
BRDA:201,9,0,0
BRDA:206,10,0,0
BRDA:206,10,1,0
BRDA:229,11,0,0
BRDA:229,11,1,0
BRDA:231,12,0,0
BRDA:231,12,1,0
BRDA:237,13,0,0
BRDA:237,13,1,0
BRDA:238,14,0,0
BRDA:238,14,1,0
BRF:29
BRH:0
end_of_record
TN:
SF:models/index.js
FN:69,(anonymous_0)
FN:81,(anonymous_1)
FNF:2
FNH:2
FNDA:693,(anonymous_0)
FNDA:735,(anonymous_1)
DA:6,21
DA:7,21
DA:10,21
DA:13,21
DA:14,21
DA:15,21
DA:16,21
DA:19,21
DA:20,21
DA:24,21
DA:25,21
DA:26,21
DA:27,21
DA:28,21
DA:29,21
DA:31,21
DA:34,21
DA:35,21
DA:36,21
DA:37,21
DA:38,21
DA:41,21
DA:42,21
DA:43,21
DA:44,21
DA:47,21
DA:48,21
DA:51,21
DA:52,21
DA:53,21
DA:54,21
DA:58,21
DA:61,21
DA:64,21
DA:65,21
DA:66,21
DA:69,21
DA:70,693
DA:71,588
DA:76,21
DA:77,21
DA:79,21
DA:81,735
DA:85,21
LF:44
LH:44
BRDA:70,0,0,588
BRDA:70,0,1,105
BRDA:81,1,0,735
BRDA:81,1,1,714
BRF:4
BRH:4
end_of_record
TN:
SF:models/unified/DecisionRecord.js
FN:8,(anonymous_0)
FN:119,(anonymous_1)
FNF:2
FNH:2
FNDA:21,(anonymous_0)
FNDA:21,(anonymous_1)
DA:6,21
DA:8,21
DA:9,21
DA:119,21
DA:120,21
DA:125,21
DA:131,21
LF:7
LH:7
BRF:0
BRH:0
end_of_record
TN:
SF:models/unified/LotteryEngineConfig.js
FN:13,(anonymous_0)
FN:40,(anonymous_1)
FN:50,(anonymous_2)
FN:81,(anonymous_3)
FN:92,(anonymous_4)
FN:114,(anonymous_5)
FN:119,(anonymous_6)
FN:129,(anonymous_7)
FN:149,(anonymous_8)
FN:164,(anonymous_9)
FN:179,(anonymous_10)
FN:195,(anonymous_11)
FN:208,(anonymous_12)
FN:222,(anonymous_13)
FN:258,(anonymous_14)
FNF:15
FNH:0
FNDA:0,(anonymous_0)
FNDA:0,(anonymous_1)
FNDA:0,(anonymous_2)
FNDA:0,(anonymous_3)
FNDA:0,(anonymous_4)
FNDA:0,(anonymous_5)
FNDA:0,(anonymous_6)
FNDA:0,(anonymous_7)
FNDA:0,(anonymous_8)
FNDA:0,(anonymous_9)
FNDA:0,(anonymous_10)
FNDA:0,(anonymous_11)
FNDA:0,(anonymous_12)
FNDA:0,(anonymous_13)
FNDA:0,(anonymous_14)
DA:10,0
DA:11,0
DA:13,0
DA:14,0
DA:41,0
DA:42,0
DA:45,0
DA:46,0
DA:51,0
DA:52,0
DA:55,0
DA:63,0
DA:82,0
DA:93,0
DA:115,0
DA:116,0
DA:117,0
DA:120,0
DA:129,0
DA:132,0
DA:133,0
DA:149,0
DA:150,0
DA:151,0
DA:164,0
DA:165,0
DA:166,0
DA:168,0
DA:179,0
DA:180,0
DA:195,0
DA:196,0
DA:208,0
DA:209,0
DA:222,0
DA:223,0
DA:225,0
DA:226,0
DA:227,0
DA:228,0
DA:229,0
DA:230,0
DA:233,0
DA:238,0
DA:241,0
DA:249,0
DA:258,0
DA:259,0
DA:262,0
DA:263,0
DA:267,0
DA:269,0
DA:270,0
DA:272,0
DA:274,0
DA:275,0
DA:277,0
DA:279,0
DA:280,0
DA:282,0
DA:286,0
DA:292,0
LF:62
LH:0
BRDA:41,0,0,0
BRDA:41,0,1,0
BRDA:41,1,0,0
BRDA:41,1,1,0
BRDA:45,2,0,0
BRDA:45,2,1,0
BRDA:52,3,0,0
BRDA:52,3,1,0
BRDA:132,4,0,0
BRDA:132,4,1,0
BRDA:150,5,0,0
BRDA:150,5,1,0
BRDA:165,6,0,0
BRDA:165,6,1,0
BRDA:228,7,0,0
BRDA:228,7,1,0
BRDA:262,8,0,0
BRDA:262,8,1,0
BRDA:267,9,0,0
BRDA:267,9,1,0
BRDA:267,9,2,0
BRDA:269,10,0,0
BRDA:269,10,1,0
BRDA:274,11,0,0
BRDA:274,11,1,0
BRDA:279,12,0,0
BRDA:279,12,1,0
BRF:27
BRH:0
end_of_record
TN:
SF:models/unified/LotteryExecutionLog.js
FN:13,(anonymous_0)
FN:95,(anonymous_1)
FN:105,(anonymous_2)
FN:115,(anonymous_3)
FN:125,(anonymous_4)
FN:143,(anonymous_5)
FN:174,(anonymous_6)
FN:208,(anonymous_7)
FN:219,(anonymous_8)
FN:254,(anonymous_9)
FN:276,(anonymous_10)
FN:284,(anonymous_11)
FN:301,(anonymous_12)
FN:313,(anonymous_13)
FN:340,(anonymous_14)
FN:388,(anonymous_15)
FN:448,(anonymous_16)
FN:449,(anonymous_17)
FN:459,(anonymous_18)
FN:467,(anonymous_19)
FN:489,(anonymous_20)
FN:495,(anonymous_21)
FN:496,(anonymous_22)
FN:497,(anonymous_23)
FN:512,(anonymous_24)
FN:519,(anonymous_25)
FN:521,(anonymous_26)
FNF:27
FNH:0
FNDA:0,(anonymous_0)
FNDA:0,(anonymous_1)
FNDA:0,(anonymous_2)
FNDA:0,(anonymous_3)
FNDA:0,(anonymous_4)
FNDA:0,(anonymous_5)
FNDA:0,(anonymous_6)
FNDA:0,(anonymous_7)
FNDA:0,(anonymous_8)
FNDA:0,(anonymous_9)
FNDA:0,(anonymous_10)
FNDA:0,(anonymous_11)
FNDA:0,(anonymous_12)
FNDA:0,(anonymous_13)
FNDA:0,(anonymous_14)
FNDA:0,(anonymous_15)
FNDA:0,(anonymous_16)
FNDA:0,(anonymous_17)
FNDA:0,(anonymous_18)
FNDA:0,(anonymous_19)
FNDA:0,(anonymous_20)
FNDA:0,(anonymous_21)
FNDA:0,(anonymous_22)
FNDA:0,(anonymous_23)
FNDA:0,(anonymous_24)
FNDA:0,(anonymous_25)
FNDA:0,(anonymous_26)
DA:10,0
DA:11,0
DA:13,0
DA:14,0
DA:96,0
DA:97,0
DA:100,0
DA:101,0
DA:106,0
DA:107,0
DA:116,0
DA:117,0
DA:120,0
DA:121,0
DA:126,0
DA:127,0
DA:144,0
DA:145,0
DA:175,0
DA:209,0
DA:210,0
DA:219,0
DA:221,0
DA:222,0
DA:229,0
DA:230,0
DA:237,0
DA:238,0
DA:254,0
DA:255,0
DA:256,0
DA:276,0
DA:277,0
DA:284,0
DA:285,0
DA:286,0
DA:287,0
DA:288,0
DA:289,0
DA:301,0
DA:302,0
DA:313,0
DA:314,0
DA:316,0
DA:317,0
DA:318,0
DA:319,0
DA:320,0
DA:321,0
DA:322,0
DA:325,0
DA:340,0
DA:341,0
DA:342,0
DA:343,0
DA:344,0
DA:345,0
DA:348,0
DA:365,0
DA:366,0
DA:368,0
DA:388,0
DA:393,0
DA:396,0
DA:397,0
DA:399,0
DA:400,0
DA:402,0
DA:403,0
DA:405,0
DA:406,0
DA:408,0
DA:411,0
DA:414,0
DA:416,0
DA:443,0
DA:448,0
DA:449,0
DA:459,0
DA:460,0
DA:467,0
DA:468,0
DA:469,0
DA:472,0
DA:473,0
DA:489,0
DA:490,0
DA:491,0
DA:493,0
DA:495,0
DA:496,0
DA:497,0
DA:499,0
DA:500,0
DA:503,0
DA:504,0
DA:507,0
DA:508,0
DA:511,0
DA:512,0
DA:513,0
DA:514,0
DA:516,0
DA:519,0
DA:520,0
DA:521,0
DA:522,0
DA:523,0
DA:527,0
DA:528,0
DA:531,0
DA:534,0
LF:112
LH:0
BRDA:96,0,0,0
BRDA:96,0,1,0
BRDA:96,1,0,0
BRDA:96,1,1,0
BRDA:100,2,0,0
BRDA:100,2,1,0
BRDA:100,3,0,0
BRDA:100,3,1,0
BRDA:107,4,0,0
BRDA:107,4,1,0
BRDA:116,5,0,0
BRDA:116,5,1,0
BRDA:116,6,0,0
BRDA:116,6,1,0
BRDA:120,7,0,0
BRDA:120,7,1,0
BRDA:127,8,0,0
BRDA:127,8,1,0
BRDA:145,9,0,0
BRDA:145,9,1,0
BRDA:221,10,0,0
BRDA:221,10,1,0
BRDA:229,11,0,0
BRDA:229,11,1,0
BRDA:237,12,0,0
BRDA:237,12,1,0
BRDA:255,13,0,0
BRDA:255,13,1,0
BRDA:263,14,0,0
BRDA:263,14,1,0
BRDA:264,15,0,0
BRDA:264,15,1,0
BRDA:265,16,0,0
BRDA:265,16,1,0
BRDA:276,17,0,0
BRDA:286,18,0,0
BRDA:286,18,1,0
BRDA:287,19,0,0
BRDA:287,19,1,0
BRDA:288,20,0,0
BRDA:288,20,1,0
BRDA:313,21,0,0
BRDA:314,22,0,0
BRDA:314,23,0,0
BRDA:317,24,0,0
BRDA:317,24,1,0
BRDA:318,25,0,0
BRDA:318,25,1,0
BRDA:319,26,0,0
BRDA:319,26,1,0
BRDA:319,27,0,0
BRDA:319,27,1,0
BRDA:321,28,0,0
BRDA:321,28,1,0
BRDA:322,29,0,0
BRDA:322,29,1,0
BRDA:342,30,0,0
BRDA:342,30,1,0
BRDA:342,31,0,0
BRDA:342,31,1,0
BRDA:344,32,0,0
BRDA:344,32,1,0
BRDA:345,33,0,0
BRDA:345,33,1,0
BRDA:365,34,0,0
BRDA:365,34,1,0
BRDA:366,35,0,0
BRDA:366,35,1,0
BRDA:372,36,0,0
BRDA:372,36,1,0
BRDA:373,37,0,0
BRDA:373,37,1,0
BRDA:374,38,0,0
BRDA:374,38,1,0
BRDA:375,39,0,0
BRDA:375,39,1,0
BRDA:388,40,0,0
BRDA:391,41,0,0
BRDA:392,42,0,0
BRDA:397,43,0,0
BRDA:397,43,1,0
BRDA:397,43,2,0
BRDA:397,43,3,0
BRDA:414,44,0,0
BRDA:414,44,1,0
BRDA:476,45,0,0
BRDA:476,45,1,0
BRDA:477,46,0,0
BRDA:477,46,1,0
BRDA:478,47,0,0
BRDA:478,47,1,0
BRDA:479,48,0,0
BRDA:479,48,1,0
BRDA:493,49,0,0
BRDA:493,49,1,0
BRDA:499,50,0,0
BRDA:499,50,1,0
BRDA:503,51,0,0
BRDA:503,51,1,0
BRDA:507,52,0,0
BRDA:507,52,1,0
BRDA:513,53,0,0
BRDA:513,53,1,0
BRDA:522,54,0,0
BRDA:522,54,1,0
BRDA:527,55,0,0
BRDA:527,55,1,0
BRF:107
BRH:0
end_of_record
TN:
SF:models/unified/ProbabilityLog.js
FN:11,(anonymous_0)
FN:19,(anonymous_1)
FN:187,(anonymous_2)
FNF:3
FNH:3
FNDA:21,(anonymous_0)
FNDA:2,(anonymous_1)
FNDA:21,(anonymous_2)
DA:8,21
DA:9,21
DA:11,21
DA:12,21
DA:19,2
DA:187,21
DA:188,21
DA:193,21
DA:199,21
LF:9
LH:9
BRF:0
BRH:0
end_of_record
TN:
SF:models/unified/SystemMetrics.js
FN:11,(anonymous_0)
FN:19,(anonymous_1)
FN:214,(anonymous_2)
FN:226,(anonymous_3)
FN:243,(anonymous_4)
FNF:5
FNH:2
FNDA:21,(anonymous_0)
FNDA:4,(anonymous_1)
FNDA:0,(anonymous_2)
FNDA:0,(anonymous_3)
FNDA:0,(anonymous_4)
DA:8,21
DA:9,21
DA:11,21
DA:12,21
DA:19,4
DA:214,21
DA:215,0
DA:226,21
DA:232,0
DA:243,21
DA:244,0
DA:245,0
DA:247,0
DA:259,21
LF:14
LH:9
BRDA:214,0,0,0
BRDA:219,1,0,0
BRDA:219,1,1,0
BRDA:229,2,0,0
BRDA:230,3,0,0
BRDA:243,4,0,0
BRF:6
BRH:0
end_of_record
TN:
SF:routes/points.js
FN:24,(anonymous_0)
FN:122,(anonymous_1)
FN:221,(anonymous_2)
FNF:3
FNH:0
FNDA:0,(anonymous_0)
FNDA:0,(anonymous_1)
FNDA:0,(anonymous_2)
DA:14,8
DA:15,8
DA:16,8
DA:24,8
DA:25,0
DA:26,0
DA:29,0
DA:30,0
DA:36,0
DA:39,0
DA:40,0
DA:41,0
DA:47,0
DA:51,0
DA:53,0
DA:62,0
DA:63,0
DA:66,0
DA:67,0
DA:73,0
DA:79,0
DA:97,0
DA:109,0
DA:110,0
DA:122,8
DA:123,0
DA:124,0
DA:127,0
DA:128,0
DA:134,0
DA:137,0
DA:138,0
DA:139,0
DA:145,0
DA:149,0
DA:151,0
DA:160,0
DA:161,0
DA:164,0
DA:165,0
DA:171,0
DA:177,0
DA:195,0
DA:208,0
DA:209,0
DA:221,8
DA:222,0
DA:223,0
DA:225,0
DA:226,0
DA:232,0
DA:234,0
DA:238,0
DA:239,0
DA:244,0
DA:254,0
DA:255,0
DA:261,8
LF:58
LH:7
BRDA:29,0,0,0
BRDA:29,0,1,0
BRDA:29,1,0,0
BRDA:29,1,1,0
BRDA:29,1,2,0
BRDA:40,2,0,0
BRDA:40,2,1,0
BRDA:51,3,0,0
BRDA:51,3,1,0
BRDA:62,4,0,0
BRDA:62,4,1,0
BRDA:66,5,0,0
BRDA:66,5,1,0
BRDA:88,6,0,0
BRDA:88,6,1,0
BRDA:104,7,0,0
BRDA:104,7,1,0
BRDA:127,8,0,0
BRDA:127,8,1,0
BRDA:127,9,0,0
BRDA:127,9,1,0
BRDA:127,9,2,0
BRDA:138,10,0,0
BRDA:138,10,1,0
BRDA:149,11,0,0
BRDA:149,11,1,0
BRDA:160,12,0,0
BRDA:160,12,1,0
BRDA:164,13,0,0
BRDA:164,13,1,0
BRDA:186,14,0,0
BRDA:186,14,1,0
BRDA:203,15,0,0
BRDA:203,15,1,0
BRDA:225,16,0,0
BRDA:225,16,1,0
BRDA:238,17,0,0
BRDA:238,17,1,0
BRF:38
BRH:0
end_of_record
TN:
SF:routes/users.js
FN:14,(anonymous_0)
FN:53,(anonymous_1)
FN:59,(anonymous_2)
FNF:3
FNH:0
FNDA:0,(anonymous_0)
FNDA:0,(anonymous_1)
FNDA:0,(anonymous_2)
DA:8,0
DA:9,0
DA:10,0
DA:11,0
DA:14,0
DA:15,0
DA:16,0
DA:18,0
DA:19,0
DA:22,0
DA:26,0
DA:27,0
DA:30,0
DA:44,0
DA:53,0
DA:54,0
DA:55,0
DA:59,0
DA:60,0
DA:61,0
DA:64,0
LF:21
LH:0
BRDA:18,0,0,0
BRDA:18,0,1,0
BRDA:18,1,0,0
BRDA:18,1,1,0
BRDA:26,2,0,0
BRDA:26,2,1,0
BRF:6
BRH:0
end_of_record
TN:
SF:routes/v4/permissions.js
FN:21,(anonymous_0)
FN:46,(anonymous_1)
FN:76,(anonymous_2)
FN:101,(anonymous_3)
FN:140,(anonymous_4)
FN:182,(anonymous_5)
FN:213,(anonymous_6)
FN:235,(anonymous_7)
FNF:8
FNH:0
FNDA:0,(anonymous_0)
FNDA:0,(anonymous_1)
FNDA:0,(anonymous_2)
FNDA:0,(anonymous_3)
FNDA:0,(anonymous_4)
FNDA:0,(anonymous_5)
FNDA:0,(anonymous_6)
FNDA:0,(anonymous_7)
DA:7,8
DA:8,8
DA:9,8
DA:10,8
DA:11,8
DA:12,8
DA:15,8
DA:21,8
DA:22,0
DA:23,0
DA:24,0
DA:29,0
DA:30,0
DA:33,0
DA:35,0
DA:37,0
DA:38,0
DA:46,8
DA:47,0
DA:48,0
DA:49,0
DA:52,0
DA:55,0
DA:56,0
DA:59,0
DA:65,0
DA:67,0
DA:68,0
DA:76,8
DA:77,0
DA:78,0
DA:80,0
DA:81,0
DA:84,0
DA:85,0
DA:88,0
DA:90,0
DA:92,0
DA:93,0
DA:101,8
DA:102,0
DA:103,0
DA:104,0
DA:107,0
DA:108,0
DA:112,0
DA:113,0
DA:114,0
DA:122,0
DA:129,0
DA:131,0
DA:132,0
DA:140,8
DA:141,0
DA:142,0
DA:143,0
DA:146,0
DA:147,0
DA:151,0
DA:152,0
DA:153,0
DA:161,0
DA:169,0
DA:171,0
DA:173,0
DA:174,0
DA:182,8
DA:183,0
DA:184,0
DA:186,0
DA:187,0
DA:188,0
DA:189,0
DA:190,0
DA:191,0
DA:192,0
DA:195,0
DA:200,0
DA:202,0
DA:204,0
DA:205,0
DA:213,8
DA:214,0
DA:215,0
DA:224,0
DA:226,0
DA:227,0
DA:235,8
DA:236,0
DA:237,0
DA:238,0
DA:241,0
DA:258,0
DA:260,0
DA:261,0
DA:265,8
LF:96
LH:16
BRDA:29,0,0,0
BRDA:29,0,1,0
BRDA:29,1,0,0
BRDA:29,1,1,0
BRDA:52,2,0,0
BRDA:52,2,1,0
BRDA:55,3,0,0
BRDA:55,3,1,0
BRDA:55,4,0,0
BRDA:55,4,1,0
BRDA:62,5,0,0
BRDA:62,5,1,0
BRDA:80,6,0,0
BRDA:80,6,1,0
BRDA:80,7,0,0
BRDA:80,7,1,0
BRDA:84,8,0,0
BRDA:84,8,1,0
BRDA:107,9,0,0
BRDA:107,9,1,0
BRDA:107,10,0,0
BRDA:107,10,1,0
BRDA:113,11,0,0
BRDA:113,11,1,0
BRDA:126,12,0,0
BRDA:126,12,1,0
BRDA:146,13,0,0
BRDA:146,13,1,0
BRDA:146,14,0,0
BRDA:146,14,1,0
BRDA:146,14,2,0
BRDA:152,15,0,0
BRDA:152,15,1,0
BRDA:152,16,0,0
BRDA:152,16,1,0
BRDA:165,17,0,0
BRDA:165,17,1,0
BRDA:184,18,0,0
BRDA:184,19,0,0
BRDA:187,20,0,0
BRDA:187,20,1,0
BRDA:188,21,0,0
BRDA:188,21,1,0
BRDA:189,22,0,0
BRDA:189,22,1,0
BRDA:190,23,0,0
BRDA:190,23,1,0
BRDA:190,24,0,0
BRDA:190,24,1,0
BRF:49
BRH:0
end_of_record
TN:
SF:routes/v4/unified-engine/admin.js
FN:41,(anonymous_0)
FN:143,(anonymous_1)
FN:194,(anonymous_2)
FN:251,(anonymous_3)
FN:252,(anonymous_4)
FN:266,(anonymous_5)
FN:269,(anonymous_6)
FN:278,(anonymous_7)
FN:306,(anonymous_8)
FN:352,(anonymous_9)
FN:394,(anonymous_10)
FN:395,(anonymous_11)
FN:396,(anonymous_12)
FN:399,(anonymous_13)
FN:400,(anonymous_14)
FN:439,(anonymous_15)
FN:472,(anonymous_16)
FN:473,(anonymous_17)
FN:480,(anonymous_18)
FN:481,(anonymous_19)
FN:509,(anonymous_20)
FN:624,(anonymous_21)
FN:681,(anonymous_22)
FN:724,(anonymous_23)
FN:755,(anonymous_24)
FN:798,(anonymous_25)
FN:848,(anonymous_26)
FN:868,(anonymous_27)
FN:887,(anonymous_28)
FN:898,(anonymous_29)
FN:918,(anonymous_30)
FN:976,(anonymous_31)
FN:1008,(anonymous_32)
FN:1082,(anonymous_33)
FN:1115,(anonymous_34)
FN:1139,(anonymous_35)
FN:1168,(anonymous_36)
FN:1201,(anonymous_37)
FN:1205,(anonymous_38)
FN:1224,(anonymous_39)
FN:1256,(anonymous_40)
FN:1257,(anonymous_41)
FN:1258,(anonymous_42)
FN:1259,(anonymous_43)
FN:1279,parseTimeRange
FN:1290,getDecisionStats
FN:1318,getRecentAlerts
FN:1323,calculateWinRateStats
FN:1329,(anonymous_48)
FN:1339,(anonymous_49)
FN:1344,calculateGuaranteeStats
FN:1354,(anonymous_51)
FN:1364,(anonymous_52)
FN:1370,calculateAverageExecutionTime
FN:1371,(anonymous_54)
FN:1371,(anonymous_55)
FN:1374,(anonymous_56)
FN:1378,analyzeProbabilityDistribution
FN:1381,(anonymous_58)
FN:1395,analyzeUserSegments
FN:1398,(anonymous_60)
FN:1409,analyzeCampaignPerformance
FN:1412,(anonymous_62)
FN:1426,(anonymous_63)
FN:1434,validateEngineConfig
FN:1456,applyEngineConfig
FN:1522,applyProbabilityConfig
FN:1540,applyStrategyConfig
FN:1558,applyGeneralConfig
FN:1579,(anonymous_69)
FN:1610,(anonymous_70)
FN:1637,(anonymous_71)
FNF:72
FNH:1
FNDA:0,(anonymous_0)
FNDA:0,(anonymous_1)
FNDA:0,(anonymous_2)
FNDA:0,(anonymous_3)
FNDA:0,(anonymous_4)
FNDA:0,(anonymous_5)
FNDA:0,(anonymous_6)
FNDA:0,(anonymous_7)
FNDA:0,(anonymous_8)
FNDA:0,(anonymous_9)
FNDA:0,(anonymous_10)
FNDA:0,(anonymous_11)
FNDA:0,(anonymous_12)
FNDA:0,(anonymous_13)
FNDA:0,(anonymous_14)
FNDA:0,(anonymous_15)
FNDA:0,(anonymous_16)
FNDA:0,(anonymous_17)
FNDA:0,(anonymous_18)
FNDA:0,(anonymous_19)
FNDA:0,(anonymous_20)
FNDA:0,(anonymous_21)
FNDA:0,(anonymous_22)
FNDA:0,(anonymous_23)
FNDA:0,(anonymous_24)
FNDA:0,(anonymous_25)
FNDA:0,(anonymous_26)
FNDA:0,(anonymous_27)
FNDA:0,(anonymous_28)
FNDA:0,(anonymous_29)
FNDA:0,(anonymous_30)
FNDA:0,(anonymous_31)
FNDA:0,(anonymous_32)
FNDA:0,(anonymous_33)
FNDA:0,(anonymous_34)
FNDA:0,(anonymous_35)
FNDA:0,(anonymous_36)
FNDA:0,(anonymous_37)
FNDA:0,(anonymous_38)
FNDA:0,(anonymous_39)
FNDA:0,(anonymous_40)
FNDA:0,(anonymous_41)
FNDA:0,(anonymous_42)
FNDA:0,(anonymous_43)
FNDA:0,parseTimeRange
FNDA:0,getDecisionStats
FNDA:0,getRecentAlerts
FNDA:0,calculateWinRateStats
FNDA:0,(anonymous_48)
FNDA:0,(anonymous_49)
FNDA:0,calculateGuaranteeStats
FNDA:0,(anonymous_51)
FNDA:0,(anonymous_52)
FNDA:0,calculateAverageExecutionTime
FNDA:0,(anonymous_54)
FNDA:0,(anonymous_55)
FNDA:0,(anonymous_56)
FNDA:0,analyzeProbabilityDistribution
FNDA:0,(anonymous_58)
FNDA:0,analyzeUserSegments
FNDA:0,(anonymous_60)
FNDA:0,analyzeCampaignPerformance
FNDA:0,(anonymous_62)
FNDA:0,(anonymous_63)
FNDA:0,validateEngineConfig
FNDA:0,applyEngineConfig
FNDA:0,applyProbabilityConfig
FNDA:0,applyStrategyConfig
FNDA:0,applyGeneralConfig
FNDA:4,(anonymous_69)
FNDA:0,(anonymous_70)
FNDA:0,(anonymous_71)
DA:10,8
DA:11,8
DA:12,8
DA:13,8
DA:14,8
DA:15,8
DA:16,8
DA:17,8
DA:18,8
DA:19,8
DA:20,8
DA:21,8
DA:29,8
DA:30,8
DA:31,8
DA:32,8
DA:41,8
DA:42,0
DA:43,0
DA:45,0
DA:51,0
DA:52,0
DA:57,0
DA:58,0
DA:59,0
DA:68,0
DA:72,0
DA:76,0
DA:77,0
DA:78,0
DA:82,0
DA:83,0
DA:87,0
DA:91,0
DA:94,0
DA:99,0
DA:121,0
DA:127,0
DA:129,0
DA:135,0
DA:143,8
DA:144,0
DA:145,0
DA:148,0
DA:155,0
DA:175,0
DA:181,0
DA:186,0
DA:194,8
DA:195,0
DA:196,0
DA:198,0
DA:206,0
DA:207,0
DA:210,0
DA:216,0
DA:217,0
DA:219,0
DA:220,0
DA:224,0
DA:248,0
DA:251,0
DA:252,0
DA:266,0
DA:269,0
DA:278,0
DA:291,0
DA:293,0
DA:298,0
DA:306,8
DA:307,0
DA:308,0
DA:309,0
DA:311,0
DA:318,0
DA:319,0
DA:320,0
DA:324,0
DA:326,0
DA:339,0
DA:344,0
DA:352,8
DA:353,0
DA:354,0
DA:356,0
DA:357,0
DA:360,0
DA:361,0
DA:364,0
DA:372,0
DA:373,0
DA:374,0
DA:382,0
DA:383,0
DA:394,0
DA:395,0
DA:396,0
DA:398,0
DA:399,0
DA:400,0
DA:403,0
DA:418,0
DA:425,0
DA:430,0
DA:439,8
DA:440,0
DA:441,0
DA:447,0
DA:468,0
DA:469,0
DA:471,0
DA:472,0
DA:473,0
DA:477,0
DA:480,0
DA:481,0
DA:498,0
DA:500,0
DA:501,0
DA:509,8
DA:510,0
DA:511,0
DA:512,0
DA:514,0
DA:522,0
DA:523,0
DA:527,0
DA:531,0
DA:532,0
DA:536,0
DA:537,0
DA:539,0
DA:540,0
DA:542,0
DA:544,0
DA:545,0
DA:546,0
DA:549,0
DA:565,0
DA:573,0
DA:579,0
DA:580,0
DA:589,0
DA:593,0
DA:597,0
DA:611,0
DA:616,0
DA:624,8
DA:625,0
DA:626,0
DA:627,0
DA:628,0
DA:630,0
DA:639,0
DA:640,0
DA:641,0
DA:645,0
DA:662,0
DA:681,0
DA:695,0
DA:711,0
DA:716,0
DA:724,8
DA:725,0
DA:726,0
DA:727,0
DA:728,0
DA:730,0
DA:737,0
DA:738,0
DA:739,0
DA:743,0
DA:754,0
DA:755,0
DA:756,0
DA:757,0
DA:761,0
DA:762,0
DA:764,0
DA:766,0
DA:785,0
DA:790,0
DA:798,8
DA:799,0
DA:800,0
DA:801,0
DA:803,0
DA:812,0
DA:818,0
DA:822,0
DA:823,0
DA:824,0
DA:825,0
DA:828,0
DA:829,0
DA:833,0
DA:836,0
DA:837,0
DA:838,0
DA:842,0
DA:843,0
DA:844,0
DA:848,0
DA:849,0
DA:856,0
DA:857,0
DA:861,0
DA:862,0
DA:863,0
DA:864,0
DA:868,0
DA:873,0
DA:882,0
DA:887,0
DA:891,0
DA:898,0
DA:905,0
DA:906,0
DA:914,8
DA:919,0
DA:920,0
DA:921,0
DA:923,0
DA:931,0
DA:934,0
DA:939,0
DA:940,0
DA:944,0
DA:967,0
DA:972,0
DA:976,0
DA:994,0
DA:995,0
DA:1004,8
DA:1009,0
DA:1010,0
DA:1011,0
DA:1012,0
DA:1014,0
DA:1022,0
DA:1025,0
DA:1033,0
DA:1034,0
DA:1043,0
DA:1058,0
DA:1065,0
DA:1075,0
DA:1076,0
DA:1082,8
DA:1083,0
DA:1085,0
DA:1092,0
DA:1094,0
DA:1102,0
DA:1103,0
DA:1104,0
DA:1108,0
DA:1109,0
DA:1110,0
DA:1114,0
DA:1115,0
DA:1117,0
DA:1118,0
DA:1119,0
DA:1123,0
DA:1128,0
DA:1129,0
DA:1130,0
DA:1133,0
DA:1134,0
DA:1135,0
DA:1139,0
DA:1140,0
DA:1148,0
DA:1149,0
DA:1150,0
DA:1154,0
DA:1163,0
DA:1164,0
DA:1168,0
DA:1182,0
DA:1186,0
DA:1189,0
DA:1194,0
DA:1201,0
DA:1205,0
DA:1213,0
DA:1214,0
DA:1215,0
DA:1220,8
DA:1225,0
DA:1226,0
DA:1228,0
DA:1254,0
DA:1256,0
DA:1257,0
DA:1258,0
DA:1259,0
DA:1262,0
DA:1272,0
DA:1273,0
DA:1280,0
DA:1287,0
DA:1291,0
DA:1292,0
DA:1294,0
DA:1309,0
DA:1320,0
DA:1324,0
DA:1329,0
DA:1330,0
DA:1332,0
DA:1339,0
DA:1345,0
DA:1353,0
DA:1354,0
DA:1355,0
DA:1356,0
DA:1359,0
DA:1364,0
DA:1371,0
DA:1373,0
DA:1374,0
DA:1379,0
DA:1381,0
DA:1382,0
DA:1383,0
DA:1384,0
DA:1385,0
DA:1386,0
DA:1388,0
DA:1392,0
DA:1396,0
DA:1398,0
DA:1399,0
DA:1400,0
DA:1402,0
DA:1406,0
DA:1410,0
DA:1412,0
DA:1413,0
DA:1414,0
DA:1415,0
DA:1417,0
DA:1418,0
DA:1419,0
DA:1421,0
DA:1426,0
DA:1427,0
DA:1428,0
DA:1431,0
DA:1436,0
DA:1438,0
DA:1439,0
DA:1446,0
DA:1447,0
DA:1453,0
DA:1458,0
DA:1459,0
DA:1462,0
DA:1469,0
DA:1472,0
DA:1473,0
DA:1477,0
DA:1478,0
DA:1482,0
DA:1483,0
DA:1486,0
DA:1490,0
DA:1510,0
DA:1516,0
DA:1517,0
DA:1523,0
DA:1526,0
DA:1527,0
DA:1530,0
DA:1541,0
DA:1544,0
DA:1545,0
DA:1548,0
DA:1559,0
DA:1562,0
DA:1563,0
DA:1566,0
DA:1579,8
DA:1580,4
DA:1581,4
DA:1583,4
DA:1584,4
DA:1587,0
DA:1590,0
DA:1591,0
DA:1592,0
DA:1595,0
DA:1596,0
DA:1599,0
DA:1606,0
DA:1610,0
DA:1628,0
DA:1629,0
DA:1637,8
DA:1638,0
DA:1639,0
DA:1640,0
DA:1642,0
DA:1652,0
DA:1653,0
DA:1657,0
DA:1658,0
DA:1662,0
DA:1663,0
DA:1667,0
DA:1668,0
DA:1669,0
DA:1673,0
DA:1677,0
DA:1679,0
DA:1688,0
DA:1689,0
DA:1692,0
DA:1694,0
DA:1695,0
DA:1697,0
DA:1698,0
DA:1700,0
DA:1701,0
DA:1705,0
DA:1706,0
DA:1710,0
DA:1716,0
DA:1725,0
DA:1740,0
DA:1745,0
DA:1749,8
LF:434
LH:37
BRDA:51,0,0,0
BRDA:51,0,1,0
BRDA:51,1,0,0
BRDA:51,1,1,0
BRDA:57,2,0,0
BRDA:57,2,1,0
BRDA:57,3,0,0
BRDA:57,3,1,0
BRDA:58,4,0,0
BRDA:58,4,1,0
BRDA:76,5,0,0
BRDA:76,5,1,0
BRDA:82,6,0,0
BRDA:82,6,1,0
BRDA:107,7,0,0
BRDA:107,7,1,0
BRDA:196,8,0,0
BRDA:216,9,0,0
BRDA:216,9,1,0
BRDA:219,10,0,0
BRDA:219,10,1,0
BRDA:265,11,0,0
BRDA:265,11,1,0
BRDA:266,12,0,0
BRDA:266,12,1,0
BRDA:319,13,0,0
BRDA:319,13,1,0
BRDA:354,14,0,0
BRDA:356,15,0,0
BRDA:356,15,1,0
BRDA:356,16,0,0
BRDA:356,16,1,0
BRDA:360,17,0,0
BRDA:360,17,1,0
BRDA:385,18,0,0
BRDA:385,18,1,0
BRDA:386,19,0,0
BRDA:386,19,1,0
BRDA:387,20,0,0
BRDA:387,20,1,0
BRDA:388,21,0,0
BRDA:388,21,1,0
BRDA:389,22,0,0
BRDA:389,22,1,0
BRDA:456,23,0,0
BRDA:456,23,1,0
BRDA:480,24,0,0
BRDA:480,24,1,0
BRDA:481,25,0,0
BRDA:481,25,1,0
BRDA:522,26,0,0
BRDA:522,26,1,0
BRDA:522,27,0,0
BRDA:522,27,1,0
BRDA:522,27,2,0
BRDA:531,28,0,0
BRDA:531,28,1,0
BRDA:544,29,0,0
BRDA:544,29,1,0
BRDA:544,30,0,0
BRDA:544,30,1,0
BRDA:553,31,0,0
BRDA:553,31,1,0
BRDA:554,32,0,0
BRDA:554,32,1,0
BRDA:555,33,0,0
BRDA:555,33,1,0
BRDA:556,34,0,0
BRDA:556,34,1,0
BRDA:557,35,0,0
BRDA:557,35,1,0
BRDA:558,36,0,0
BRDA:558,36,1,0
BRDA:559,37,0,0
BRDA:559,37,1,0
BRDA:603,38,0,0
BRDA:603,38,1,0
BRDA:605,39,0,0
BRDA:605,39,1,0
BRDA:628,40,0,0
BRDA:628,41,0,0
BRDA:628,42,0,0
BRDA:640,43,0,0
BRDA:640,43,1,0
BRDA:671,44,0,0
BRDA:671,44,1,0
BRDA:675,45,0,0
BRDA:675,45,1,0
BRDA:690,46,0,0
BRDA:690,46,1,0
BRDA:738,47,0,0
BRDA:738,47,1,0
BRDA:756,48,0,0
BRDA:756,48,1,0
BRDA:812,49,0,0
BRDA:812,49,1,0
BRDA:813,50,0,0
BRDA:813,50,1,0
BRDA:813,50,2,0
BRDA:813,50,3,0
BRDA:824,51,0,0
BRDA:824,51,1,0
BRDA:824,52,0,0
BRDA:824,52,1,0
BRDA:828,53,0,0
BRDA:828,53,1,0
BRDA:828,54,0,0
BRDA:828,54,1,0
BRDA:837,55,0,0
BRDA:837,55,1,0
BRDA:843,56,0,0
BRDA:843,56,1,0
BRDA:856,57,0,0
BRDA:856,57,1,0
BRDA:862,58,0,0
BRDA:862,58,1,0
BRDA:862,59,0,0
BRDA:862,59,1,0
BRDA:878,60,0,0
BRDA:878,60,1,0
BRDA:921,61,0,0
BRDA:939,62,0,0
BRDA:939,62,1,0
BRDA:988,63,0,0
BRDA:988,63,1,0
BRDA:989,64,0,0
BRDA:989,64,1,0
BRDA:1033,65,0,0
BRDA:1033,65,1,0
BRDA:1046,66,0,0
BRDA:1046,66,1,0
BRDA:1102,67,0,0
BRDA:1102,67,1,0
BRDA:1102,68,0,0
BRDA:1102,68,1,0
BRDA:1102,68,2,0
BRDA:1102,68,3,0
BRDA:1108,69,0,0
BRDA:1108,69,1,0
BRDA:1108,70,0,0
BRDA:1108,70,1,0
BRDA:1115,71,0,0
BRDA:1115,71,1,0
BRDA:1115,71,2,0
BRDA:1115,71,3,0
BRDA:1117,72,0,0
BRDA:1117,72,1,0
BRDA:1128,73,0,0
BRDA:1128,73,1,0
BRDA:1133,74,0,0
BRDA:1133,74,1,0
BRDA:1133,75,0,0
BRDA:1133,75,1,0
BRDA:1148,76,0,0
BRDA:1148,76,1,0
BRDA:1163,77,0,0
BRDA:1163,77,1,0
BRDA:1175,78,0,0
BRDA:1175,78,1,0
BRDA:1176,79,0,0
BRDA:1176,79,1,0
BRDA:1287,80,0,0
BRDA:1287,80,1,0
BRDA:1313,81,0,0
BRDA:1313,81,1,0
BRDA:1336,82,0,0
BRDA:1336,82,1,0
BRDA:1338,83,0,0
BRDA:1338,83,1,0
BRDA:1339,84,0,0
BRDA:1339,84,1,0
BRDA:1355,85,0,0
BRDA:1355,85,1,0
BRDA:1356,86,0,0
BRDA:1356,86,1,0
BRDA:1363,87,0,0
BRDA:1363,87,1,0
BRDA:1364,88,0,0
BRDA:1364,88,1,0
BRDA:1371,89,0,0
BRDA:1371,89,1,0
BRDA:1373,90,0,0
BRDA:1373,90,1,0
BRDA:1382,91,0,0
BRDA:1382,91,1,0
BRDA:1383,92,0,0
BRDA:1383,92,1,0
BRDA:1385,93,0,0
BRDA:1385,93,1,0
BRDA:1399,94,0,0
BRDA:1399,94,1,0
BRDA:1413,95,0,0
BRDA:1413,95,1,0
BRDA:1414,96,0,0
BRDA:1414,96,1,0
BRDA:1418,97,0,0
BRDA:1418,97,1,0
BRDA:1428,98,0,0
BRDA:1428,98,1,0
BRDA:1438,99,0,0
BRDA:1438,99,1,0
BRDA:1446,100,0,0
BRDA:1446,100,1,0
BRDA:1446,101,0,0
BRDA:1446,101,1,0
BRDA:1469,102,0,0
BRDA:1469,102,1,0
BRDA:1469,102,2,0
BRDA:1469,102,3,0
BRDA:1526,103,0,0
BRDA:1526,103,1,0
BRDA:1544,104,0,0
BRDA:1544,104,1,0
BRDA:1562,105,0,0
BRDA:1562,105,1,0
BRDA:1583,106,0,4
BRDA:1583,106,1,0
BRDA:1583,107,0,4
BRDA:1583,107,1,0
BRDA:1591,108,0,0
BRDA:1591,108,1,0
BRDA:1591,109,0,0
BRDA:1591,109,1,0
BRDA:1595,110,0,0
BRDA:1595,111,0,0
BRDA:1652,112,0,0
BRDA:1652,112,1,0
BRDA:1652,113,0,0
BRDA:1652,113,1,0
BRDA:1652,113,2,0
BRDA:1657,114,0,0
BRDA:1657,114,1,0
BRDA:1662,115,0,0
BRDA:1662,115,1,0
BRDA:1662,116,0,0
BRDA:1662,116,1,0
BRDA:1668,117,0,0
BRDA:1668,117,1,0
BRDA:1677,118,0,0
BRDA:1677,118,1,0
BRDA:1688,119,0,0
BRDA:1688,119,1,0
BRDA:1692,120,0,0
BRDA:1692,120,1,0
BRDA:1692,120,2,0
BRDA:1705,121,0,0
BRDA:1705,121,1,0
BRDA:1718,122,0,0
BRDA:1718,122,1,0
BRF:249
BRH:2
end_of_record
TN:
SF:routes/v4/unified-engine/auth.js
FN:21,(anonymous_0)
FN:39,(anonymous_1)
FN:59,(anonymous_2)
FN:77,(anonymous_3)
FNF:4
FNH:0
FNDA:0,(anonymous_0)
FNDA:0,(anonymous_1)
FNDA:0,(anonymous_2)
FNDA:0,(anonymous_3)
DA:9,8
DA:10,8
DA:11,8
DA:12,8
DA:15,8
DA:21,8
DA:22,0
DA:23,0
DA:30,0
DA:31,0
DA:39,8
DA:40,0
DA:41,0
DA:50,0
DA:51,0
DA:59,8
DA:60,0
DA:62,0
DA:68,0
DA:69,0
DA:77,8
DA:78,0
DA:79,0
DA:86,0
DA:87,0
DA:91,8
LF:26
LH:10
BRDA:26,0,0,0
BRDA:26,0,1,0
BRDA:44,1,0,0
BRDA:44,1,1,0
BRF:4
BRH:0
end_of_record
TN:
SF:routes/v4/unified-engine/lottery.js
FN:30,getUserPoints
FN:71,deductUserPoints
FN:110,updateEngineStats
FN:127,healthMonitor
FN:130,(anonymous_4)
FN:151,(anonymous_5)
FN:185,(anonymous_6)
FN:193,(anonymous_7)
FN:207,(anonymous_8)
FN:227,(anonymous_9)
FN:250,(anonymous_10)
FN:299,(anonymous_11)
FN:370,(anonymous_12)
FN:398,(anonymous_13)
FN:409,(anonymous_14)
FN:429,(anonymous_15)
FN:482,(anonymous_16)
FN:483,(anonymous_17)
FN:484,(anonymous_18)
FN:487,(anonymous_19)
FN:492,(anonymous_20)
FN:510,(anonymous_21)
FN:511,(anonymous_22)
FN:512,(anonymous_23)
FN:513,(anonymous_24)
FN:540,(anonymous_25)
FN:650,(anonymous_26)
FN:652,(anonymous_27)
FN:653,(anonymous_28)
FN:655,(anonymous_29)
FN:656,(anonymous_30)
FN:691,(anonymous_31)
FN:834,(anonymous_32)
FN:836,(anonymous_33)
FN:872,(anonymous_34)
FN:932,(anonymous_35)
FN:968,(anonymous_36)
FN:969,(anonymous_37)
FN:970,(anonymous_38)
FN:994,(anonymous_39)
FN:1045,(anonymous_40)
FN:1060,(anonymous_41)
FN:1061,(anonymous_42)
FN:1062,(anonymous_43)
FN:1076,(anonymous_44)
FN:1089,getPrizeTypeName
FN:1100,getPrizeRarity
FN:1107,generateBatchId
FN:1113,getDrawTypeDisplay
FN:1129,(anonymous_49)
FN:1178,(anonymous_50)
FN:1235,(anonymous_51)
FN:1281,(anonymous_52)
FN:1301,(anonymous_53)
FN:1347,(anonymous_54)
FN:1411,(anonymous_55)
FN:1494,(anonymous_56)
FN:1612,(anonymous_57)
FN:1665,(anonymous_58)
FN:1706,(anonymous_59)
FNF:60
FNH:3
FNDA:0,getUserPoints
FNDA:0,deductUserPoints
FNDA:57,updateEngineStats
FNDA:57,healthMonitor
FNDA:57,(anonymous_4)
FNDA:0,(anonymous_5)
FNDA:0,(anonymous_6)
FNDA:0,(anonymous_7)
FNDA:0,(anonymous_8)
FNDA:0,(anonymous_9)
FNDA:0,(anonymous_10)
FNDA:0,(anonymous_11)
FNDA:0,(anonymous_12)
FNDA:0,(anonymous_13)
FNDA:0,(anonymous_14)
FNDA:0,(anonymous_15)
FNDA:0,(anonymous_16)
FNDA:0,(anonymous_17)
FNDA:0,(anonymous_18)
FNDA:0,(anonymous_19)
FNDA:0,(anonymous_20)
FNDA:0,(anonymous_21)
FNDA:0,(anonymous_22)
FNDA:0,(anonymous_23)
FNDA:0,(anonymous_24)
FNDA:0,(anonymous_25)
FNDA:0,(anonymous_26)
FNDA:0,(anonymous_27)
FNDA:0,(anonymous_28)
FNDA:0,(anonymous_29)
FNDA:0,(anonymous_30)
FNDA:0,(anonymous_31)
FNDA:0,(anonymous_32)
FNDA:0,(anonymous_33)
FNDA:0,(anonymous_34)
FNDA:0,(anonymous_35)
FNDA:0,(anonymous_36)
FNDA:0,(anonymous_37)
FNDA:0,(anonymous_38)
FNDA:0,(anonymous_39)
FNDA:0,(anonymous_40)
FNDA:0,(anonymous_41)
FNDA:0,(anonymous_42)
FNDA:0,(anonymous_43)
FNDA:0,(anonymous_44)
FNDA:0,getPrizeTypeName
FNDA:0,getPrizeRarity
FNDA:0,generateBatchId
FNDA:0,getDrawTypeDisplay
FNDA:0,(anonymous_49)
FNDA:0,(anonymous_50)
FNDA:0,(anonymous_51)
FNDA:0,(anonymous_52)
FNDA:0,(anonymous_53)
FNDA:0,(anonymous_54)
FNDA:0,(anonymous_55)
FNDA:0,(anonymous_56)
FNDA:0,(anonymous_57)
FNDA:0,(anonymous_58)
FNDA:0,(anonymous_59)
DA:10,8
DA:11,8
DA:12,8
DA:13,8
DA:14,8
DA:15,8
DA:16,8
DA:17,8
DA:18,8
DA:21,8
DA:31,0
DA:32,0
DA:36,0
DA:38,0
DA:46,0
DA:53,0
DA:59,0
DA:60,0
DA:72,0
DA:76,0
DA:77,0
DA:80,0
DA:81,0
DA:84,0
DA:89,0
DA:99,8
DA:111,57
DA:112,57
DA:113,57
DA:115,0
DA:119,57
DA:123,57
DA:128,57
DA:130,57
DA:131,57
DA:132,57
DA:133,57
DA:137,57
DA:138,57
DA:141,0
DA:145,8
DA:151,8
DA:152,0
DA:153,0
DA:156,0
DA:157,0
DA:161,0
DA:168,0
DA:169,0
DA:171,0
DA:174,0
DA:175,0
DA:185,8
DA:186,0
DA:193,8
DA:194,0
DA:195,0
DA:196,0
DA:198,0
DA:199,0
DA:207,8
DA:208,0
DA:209,0
DA:210,0
DA:212,0
DA:213,0
DA:215,0
DA:218,0
DA:219,0
DA:227,8
DA:228,0
DA:229,0
DA:231,0
DA:232,0
DA:234,0
DA:237,0
DA:238,0
DA:250,8
DA:251,0
DA:252,0
DA:253,0
DA:256,0
DA:257,0
DA:258,0
DA:262,0
DA:263,0
DA:265,0
DA:266,0
DA:269,0
DA:270,0
DA:277,0
DA:290,0
DA:291,0
DA:299,8
DA:300,0
DA:301,0
DA:304,0
DA:305,0
DA:308,0
DA:309,0
DA:312,0
DA:313,0
DA:316,0
DA:317,0
DA:318,0
DA:326,0
DA:327,0
DA:334,0
DA:341,0
DA:349,0
DA:360,0
DA:361,0
DA:370,8
DA:371,0
DA:372,0
DA:375,0
DA:377,0
DA:379,0
DA:393,0
DA:394,0
DA:398,0
DA:409,0
DA:415,0
DA:420,0
DA:421,0
DA:429,8
DA:430,0
DA:431,0
DA:432,0
DA:433,0
DA:435,0
DA:442,0
DA:446,0
DA:447,0
DA:451,0
DA:457,0
DA:458,0
DA:461,0
DA:480,0
DA:482,0
DA:483,0
DA:484,0
DA:487,0
DA:492,0
DA:509,0
DA:510,0
DA:511,0
DA:512,0
DA:513,0
DA:516,0
DA:531,0
DA:532,0
DA:540,8
DA:541,0
DA:542,0
DA:544,0
DA:553,0
DA:554,0
DA:558,0
DA:559,0
DA:560,0
DA:561,0
DA:565,0
DA:568,0
DA:569,0
DA:573,0
DA:581,0
DA:582,0
DA:586,0
DA:587,0
DA:588,0
DA:595,0
DA:596,0
DA:598,0
DA:600,0
DA:602,0
DA:603,0
DA:616,0
DA:618,0
DA:628,0
DA:635,0
DA:636,0
DA:648,0
DA:650,0
DA:652,0
DA:653,0
DA:655,0
DA:656,0
DA:659,0
DA:677,0
DA:678,0
DA:691,8
DA:692,0
DA:693,0
DA:696,0
DA:697,0
DA:701,0
DA:708,0
DA:709,0
DA:710,0
DA:713,0
DA:722,0
DA:723,0
DA:724,0
DA:725,0
DA:729,0
DA:730,0
DA:731,0
DA:739,0
DA:740,0
DA:744,0
DA:750,0
DA:751,0
DA:755,0
DA:756,0
DA:759,0
DA:760,0
DA:761,0
DA:763,0
DA:764,0
DA:765,0
DA:778,0
DA:781,0
DA:800,0
DA:809,0
DA:810,0
DA:823,0
DA:826,0
DA:834,0
DA:836,0
DA:844,0
DA:851,0
DA:857,0
DA:858,0
DA:872,8
DA:873,0
DA:874,0
DA:875,0
DA:877,0
DA:878,0
DA:882,0
DA:883,0
DA:884,0
DA:888,0
DA:893,0
DA:898,0
DA:899,0
DA:902,0
DA:911,0
DA:912,0
DA:932,0
DA:933,0
DA:934,0
DA:950,0
DA:952,0
DA:968,0
DA:969,0
DA:970,0
DA:974,0
DA:980,0
DA:982,0
DA:983,0
DA:994,8
DA:995,0
DA:996,0
DA:998,0
DA:999,0
DA:1003,0
DA:1016,0
DA:1017,0
DA:1021,0
DA:1022,0
DA:1023,0
DA:1024,0
DA:1035,0
DA:1045,0
DA:1060,0
DA:1061,0
DA:1062,0
DA:1066,0
DA:1068,0
DA:1069,0
DA:1076,8
DA:1077,0
DA:1078,0
DA:1090,0
DA:1097,0
DA:1101,0
DA:1102,0
DA:1103,0
DA:1104,0
DA:1108,0
DA:1109,0
DA:1110,0
DA:1114,0
DA:1120,0
DA:1129,8
DA:1130,0
DA:1131,0
DA:1134,0
DA:1135,0
DA:1139,0
DA:1143,0
DA:1144,0
DA:1148,0
DA:1150,0
DA:1165,0
DA:1166,0
DA:1178,8
DA:1179,0
DA:1180,0
DA:1183,0
DA:1184,0
DA:1188,0
DA:1191,0
DA:1205,0
DA:1222,0
DA:1223,0
DA:1235,8
DA:1236,0
DA:1238,0
DA:1270,0
DA:1274,0
DA:1281,0
DA:1287,0
DA:1288,0
DA:1301,8
DA:1302,0
DA:1304,0
DA:1306,0
DA:1307,0
DA:1311,0
DA:1314,0
DA:1318,0
DA:1319,0
DA:1322,0
DA:1338,0
DA:1339,0
DA:1347,8
DA:1348,0
DA:1349,0
DA:1351,0
DA:1352,0
DA:1355,0
DA:1358,0
DA:1362,0
DA:1364,0
DA:1371,0
DA:1386,0
DA:1400,0
DA:1401,0
DA:1411,8
DA:1412,0
DA:1413,0
DA:1414,0
DA:1416,0
DA:1427,0
DA:1428,0
DA:1432,0
DA:1433,0
DA:1434,0
DA:1438,0
DA:1439,0
DA:1440,0
DA:1444,0
DA:1445,0
DA:1446,0
DA:1448,0
DA:1449,0
DA:1452,0
DA:1453,0
DA:1457,0
DA:1458,0
DA:1460,0
DA:1461,0
DA:1472,0
DA:1485,0
DA:1486,0
DA:1494,8
DA:1495,0
DA:1496,0
DA:1497,0
DA:1499,0
DA:1510,0
DA:1512,0
DA:1514,0
DA:1515,0
DA:1517,0
DA:1518,0
DA:1520,0
DA:1521,0
DA:1523,0
DA:1527,0
DA:1537,0
DA:1539,0
DA:1540,0
DA:1541,0
DA:1545,0
DA:1560,0
DA:1572,0
DA:1573,0
DA:1574,0
DA:1578,0
DA:1593,0
DA:1603,0
DA:1604,0
DA:1612,8
DA:1613,0
DA:1615,0
DA:1621,0
DA:1640,0
DA:1656,0
DA:1657,0
DA:1665,8
DA:1666,0
DA:1667,0
DA:1669,0
DA:1670,0
DA:1673,0
DA:1686,0
DA:1697,0
DA:1698,0
DA:1706,8
DA:1707,0
DA:1709,0
DA:1717,0
DA:1726,0
DA:1727,0
DA:1731,8
LF:429
LH:49
BRDA:36,0,0,0
BRDA:36,0,1,0
BRDA:54,1,0,0
BRDA:54,1,1,0
BRDA:55,2,0,0
BRDA:55,2,1,0
BRDA:56,3,0,0
BRDA:56,3,1,0
BRDA:76,4,0,0
BRDA:76,4,1,0
BRDA:80,5,0,0
BRDA:80,5,1,0
BRDA:110,6,0,0
BRDA:110,7,0,0
BRDA:112,8,0,57
BRDA:112,8,1,0
BRDA:137,9,0,57
BRDA:137,9,1,0
BRDA:137,10,0,57
BRDA:137,10,1,57
BRDA:156,11,0,0
BRDA:156,11,1,0
BRDA:156,12,0,0
BRDA:156,12,1,0
BRDA:165,13,0,0
BRDA:165,13,1,0
BRDA:168,14,0,0
BRDA:168,14,1,0
BRDA:212,15,0,0
BRDA:212,15,1,0
BRDA:231,16,0,0
BRDA:231,16,1,0
BRDA:253,17,0,0
BRDA:253,18,0,0
BRDA:257,19,0,0
BRDA:257,19,1,0
BRDA:265,20,0,0
BRDA:265,20,1,0
BRDA:301,21,0,0
BRDA:304,22,0,0
BRDA:304,22,1,0
BRDA:304,23,0,0
BRDA:304,23,1,0
BRDA:304,23,2,0
BRDA:308,24,0,0
BRDA:308,24,1,0
BRDA:323,25,0,0
BRDA:323,25,1,0
BRDA:326,26,0,0
BRDA:326,26,1,0
BRDA:372,27,0,0
BRDA:377,28,0,0
BRDA:377,28,1,0
BRDA:393,29,0,0
BRDA:393,29,1,0
BRDA:406,30,0,0
BRDA:406,30,1,0
BRDA:407,31,0,0
BRDA:407,31,1,0
BRDA:409,32,0,0
BRDA:409,32,1,0
BRDA:433,33,0,0
BRDA:446,34,0,0
BRDA:446,34,1,0
BRDA:457,35,0,0
BRDA:457,35,1,0
BRDA:471,36,0,0
BRDA:471,36,1,0
BRDA:482,37,0,0
BRDA:482,37,1,0
BRDA:483,38,0,0
BRDA:483,38,1,0
BRDA:486,39,0,0
BRDA:486,39,1,0
BRDA:487,40,0,0
BRDA:487,40,1,0
BRDA:497,41,0,0
BRDA:497,41,1,0
BRDA:502,42,0,0
BRDA:502,42,1,0
BRDA:505,43,0,0
BRDA:505,43,1,0
BRDA:525,44,0,0
BRDA:525,44,1,0
BRDA:526,45,0,0
BRDA:526,45,1,0
BRDA:542,46,0,0
BRDA:542,47,0,0
BRDA:553,48,0,0
BRDA:553,48,1,0
BRDA:553,49,0,0
BRDA:553,49,1,0
BRDA:560,50,0,0
BRDA:560,50,1,0
BRDA:568,51,0,0
BRDA:568,51,1,0
BRDA:581,52,0,0
BRDA:581,52,1,0
BRDA:586,53,0,0
BRDA:586,53,1,0
BRDA:587,54,0,0
BRDA:587,54,1,0
BRDA:608,55,0,0
BRDA:608,55,1,0
BRDA:609,56,0,0
BRDA:609,56,1,0
BRDA:610,57,0,0
BRDA:610,57,1,0
BRDA:622,58,0,0
BRDA:622,58,1,0
BRDA:631,59,0,0
BRDA:631,59,1,0
BRDA:653,60,0,0
BRDA:653,60,1,0
BRDA:666,61,0,0
BRDA:666,61,1,0
BRDA:696,62,0,0
BRDA:696,62,1,0
BRDA:696,63,0,0
BRDA:696,63,1,0
BRDA:709,64,0,0
BRDA:709,64,1,0
BRDA:724,65,0,0
BRDA:724,65,1,0
BRDA:730,66,0,0
BRDA:730,66,1,0
BRDA:739,67,0,0
BRDA:739,67,1,0
BRDA:750,68,0,0
BRDA:750,68,1,0
BRDA:770,69,0,0
BRDA:770,69,1,0
BRDA:772,70,0,0
BRDA:772,70,1,0
BRDA:790,71,0,0
BRDA:790,71,1,0
BRDA:791,72,0,0
BRDA:791,72,1,0
BRDA:792,73,0,0
BRDA:792,73,1,0
BRDA:793,74,0,0
BRDA:793,74,1,0
BRDA:836,75,0,0
BRDA:836,75,1,0
BRDA:875,76,0,0
BRDA:875,77,0,0
BRDA:877,78,0,0
BRDA:877,78,1,0
BRDA:877,79,0,0
BRDA:877,79,1,0
BRDA:883,80,0,0
BRDA:883,80,1,0
BRDA:898,81,0,0
BRDA:898,81,1,0
BRDA:898,82,0,0
BRDA:898,82,1,0
BRDA:942,83,0,0
BRDA:942,83,1,0
BRDA:943,84,0,0
BRDA:943,84,1,0
BRDA:944,85,0,0
BRDA:944,85,1,0
BRDA:945,86,0,0
BRDA:945,86,1,0
BRDA:964,87,0,0
BRDA:964,87,1,0
BRDA:998,88,0,0
BRDA:998,88,1,0
BRDA:1016,89,0,0
BRDA:1016,89,1,0
BRDA:1029,90,0,0
BRDA:1029,90,1,0
BRDA:1048,91,0,0
BRDA:1048,91,1,0
BRDA:1049,92,0,0
BRDA:1049,92,1,0
BRDA:1050,93,0,0
BRDA:1050,93,1,0
BRDA:1051,94,0,0
BRDA:1051,94,1,0
BRDA:1052,95,0,0
BRDA:1052,95,1,0
BRDA:1061,96,0,0
BRDA:1061,96,1,0
BRDA:1062,97,0,0
BRDA:1062,97,1,0
BRDA:1097,98,0,0
BRDA:1097,98,1,0
BRDA:1101,99,0,0
BRDA:1101,99,1,0
BRDA:1102,100,0,0
BRDA:1102,100,1,0
BRDA:1103,101,0,0
BRDA:1103,101,1,0
BRDA:1120,102,0,0
BRDA:1120,102,1,0
BRDA:1134,103,0,0
BRDA:1134,103,1,0
BRDA:1134,104,0,0
BRDA:1134,104,1,0
BRDA:1143,105,0,0
BRDA:1143,105,1,0
BRDA:1183,106,0,0
BRDA:1183,106,1,0
BRDA:1183,107,0,0
BRDA:1183,107,1,0
BRDA:1304,108,0,0
BRDA:1304,108,1,0
BRDA:1304,108,2,0
BRDA:1306,109,0,0
BRDA:1306,109,1,0
BRDA:1318,110,0,0
BRDA:1318,110,1,0
BRDA:1351,111,0,0
BRDA:1351,111,1,0
BRDA:1351,112,0,0
BRDA:1351,112,1,0
BRDA:1362,113,0,0
BRDA:1362,113,1,0
BRDA:1379,114,0,0
BRDA:1379,114,1,0
BRDA:1394,115,0,0
BRDA:1394,115,1,0
BRDA:1427,116,0,0
BRDA:1427,116,1,0
BRDA:1427,117,0,0
BRDA:1427,117,1,0
BRDA:1433,118,0,0
BRDA:1433,118,1,0
BRDA:1439,119,0,0
BRDA:1439,119,1,0
BRDA:1448,120,0,0
BRDA:1448,120,1,0
BRDA:1452,121,0,0
BRDA:1452,121,1,0
BRDA:1460,122,0,0
BRDA:1460,122,1,0
BRDA:1479,123,0,0
BRDA:1479,123,1,0
BRDA:1512,124,0,0
BRDA:1512,124,1,0
BRDA:1512,124,2,0
BRDA:1512,124,3,0
BRDA:1529,125,0,0
BRDA:1529,125,1,0
BRDA:1531,126,0,0
BRDA:1531,126,1,0
BRDA:1532,127,0,0
BRDA:1532,127,1,0
BRDA:1533,128,0,0
BRDA:1533,128,1,0
BRDA:1537,129,0,0
BRDA:1537,129,1,0
BRDA:1540,130,0,0
BRDA:1540,130,1,0
BRDA:1547,131,0,0
BRDA:1547,131,1,0
BRDA:1551,132,0,0
BRDA:1551,132,1,0
BRDA:1552,133,0,0
BRDA:1552,133,1,0
BRDA:1556,134,0,0
BRDA:1556,134,1,0
BRDA:1565,135,0,0
BRDA:1565,135,1,0
BRDA:1573,136,0,0
BRDA:1573,136,1,0
BRDA:1580,137,0,0
BRDA:1580,137,1,0
BRDA:1581,138,0,0
BRDA:1581,138,1,0
BRDA:1584,139,0,0
BRDA:1584,139,1,0
BRDA:1585,140,0,0
BRDA:1585,140,1,0
BRDA:1589,141,0,0
BRDA:1589,141,1,0
BRDA:1596,142,0,0
BRDA:1596,142,1,0
BRDA:1598,143,0,0
BRDA:1598,143,1,0
BRDA:1648,144,0,0
BRDA:1648,144,1,0
BRDA:1649,145,0,0
BRDA:1649,145,1,0
BRDA:1667,146,0,0
BRDA:1669,147,0,0
BRDA:1669,147,1,0
BRF:288
BRH:4
end_of_record
TN:
SF:services/sealosStorage.js
FN:11,(anonymous_0)
FN:44,(anonymous_1)
FN:85,(anonymous_2)
FN:87,(anonymous_3)
FN:104,(anonymous_4)
FN:133,(anonymous_5)
FN:154,(anonymous_6)
FN:177,(anonymous_7)
FN:204,(anonymous_8)
FN:214,(anonymous_9)
FN:232,(anonymous_10)
FN:243,(anonymous_11)
FN:264,(anonymous_12)
FN:286,(anonymous_13)
FN:289,(anonymous_14)
FNF:15
FNH:1
FNDA:69,(anonymous_0)
FNDA:0,(anonymous_1)
FNDA:0,(anonymous_2)
FNDA:0,(anonymous_3)
FNDA:0,(anonymous_4)
FNDA:0,(anonymous_5)
FNDA:0,(anonymous_6)
FNDA:0,(anonymous_7)
FNDA:0,(anonymous_8)
FNDA:0,(anonymous_9)
FNDA:0,(anonymous_10)
FNDA:0,(anonymous_11)
FNDA:0,(anonymous_12)
FNDA:0,(anonymous_13)
FNDA:0,(anonymous_14)
DA:6,1
DA:7,1
DA:8,1
DA:13,69
DA:21,69
DA:30,69
DA:45,0
DA:47,0
DA:48,0
DA:49,0
DA:50,0
DA:53,0
DA:56,0
DA:65,0
DA:68,0
DA:70,0
DA:72,0
DA:74,0
DA:75,0
DA:86,0
DA:87,0
DA:89,0
DA:90,0
DA:92,0
DA:94,0
DA:95,0
DA:105,0
DA:107,0
DA:108,0
DA:109,0
DA:112,0
DA:117,0
DA:118,0
DA:120,0
DA:122,0
DA:123,0
DA:134,0
DA:135,0
DA:141,0
DA:142,0
DA:144,0
DA:145,0
DA:155,0
DA:156,0
DA:163,0
DA:165,0
DA:166,0
DA:168,0
DA:178,0
DA:179,0
DA:186,0
DA:193,0
DA:194,0
DA:205,0
DA:206,0
DA:212,0
DA:214,0
DA:221,0
DA:222,0
DA:235,0
DA:244,0
DA:257,0
DA:265,0
DA:267,0
DA:274,0
DA:275,0
DA:277,0
DA:278,0
DA:287,0
DA:288,0
DA:289,0
DA:291,0
DA:297,0
DA:298,0
DA:304,1
LF:75
LH:7
BRDA:14,0,0,69
BRDA:14,0,1,0
BRDA:16,1,0,69
BRDA:16,1,1,0
BRDA:17,2,0,69
BRDA:17,2,1,0
BRDA:25,3,0,69
BRDA:25,3,1,0
BRDA:44,4,0,0
BRDA:49,5,0,0
BRDA:49,5,1,0
BRDA:85,6,0,0
BRDA:107,7,0,0
BRDA:107,7,1,0
BRDA:133,8,0,0
BRDA:165,9,0,0
BRDA:165,9,1,0
BRDA:204,10,0,0
BRDA:204,11,0,0
BRDA:232,12,0,0
BRDA:257,13,0,0
BRDA:257,13,1,0
BRF:22
BRH:4
end_of_record
TN:
SF:services/UnifiedLotteryEngine/UnifiedLotteryEngine.js
FN:22,(anonymous_0)
FN:68,(anonymous_1)
FN:96,(anonymous_2)
FN:217,(anonymous_3)
FN:236,(anonymous_4)
FN:257,(anonymous_5)
FN:268,(anonymous_6)
FN:292,(anonymous_7)
FN:305,(anonymous_8)
FN:332,(anonymous_9)
FN:337,(anonymous_10)
FN:338,(anonymous_11)
FN:346,(anonymous_12)
FN:395,(anonymous_13)
FN:411,(anonymous_14)
FN:427,(anonymous_15)
FN:440,(anonymous_16)
FN:472,(anonymous_17)
FN:498,(anonymous_18)
FN:516,(anonymous_19)
FN:533,(anonymous_20)
FN:536,(anonymous_21)
FN:559,(anonymous_22)
FN:590,(anonymous_23)
FN:626,(anonymous_24)
FN:633,(anonymous_25)
FN:642,(anonymous_26)
FN:649,(anonymous_27)
FN:661,(anonymous_28)
FN:665,(anonymous_29)
FN:669,(anonymous_30)
FN:673,(anonymous_31)
FNF:32
FNH:32
FNDA:97,(anonymous_0)
FNDA:97,(anonymous_1)
FNDA:57,(anonymous_2)
FNDA:57,(anonymous_3)
FNDA:58,(anonymous_4)
FNDA:272,(anonymous_5)
FNDA:56,(anonymous_6)
FNDA:56,(anonymous_7)
FNDA:58,(anonymous_8)
FNDA:27,(anonymous_9)
FNDA:27,(anonymous_10)
FNDA:2,(anonymous_11)
FNDA:29,(anonymous_12)
FNDA:32,(anonymous_13)
FNDA:58,(anonymous_14)
FNDA:275,(anonymous_15)
FNDA:6,(anonymous_16)
FNDA:4,(anonymous_17)
FNDA:66,(anonymous_18)
FNDA:132,(anonymous_19)
FNDA:64,(anonymous_20)
FNDA:189,(anonymous_21)
FNDA:183,(anonymous_22)
FNDA:2,(anonymous_23)
FNDA:2,(anonymous_24)
FNDA:60,(anonymous_25)
FNDA:574,(anonymous_26)
FNDA:392,(anonymous_27)
FNDA:306,(anonymous_28)
FNDA:2,(anonymous_29)
FNDA:82,(anonymous_30)
FNDA:1,(anonymous_31)
DA:11,9
DA:12,9
DA:13,9
DA:14,9
DA:15,9
DA:16,9
DA:17,9
DA:18,9
DA:19,9
DA:24,97
DA:25,97
DA:34,97
DA:35,97
DA:36,97
DA:37,97
DA:38,97
DA:39,97
DA:42,97
DA:43,97
DA:46,97
DA:56,97
DA:58,97
DA:69,97
DA:71,97
DA:72,97
DA:75,97
DA:76,97
DA:79,97
DA:80,97
DA:82,97
DA:86,0
DA:87,0
DA:97,57
DA:98,57
DA:100,57
DA:101,57
DA:108,57
DA:109,57
DA:111,57
DA:112,3
DA:119,54
DA:122,54
DA:125,54
DA:126,54
DA:127,108
DA:129,108
DA:130,55
DA:131,55
DA:134,53
DA:136,53
DA:137,53
DA:138,27
DA:139,27
DA:143,26
DA:145,25
DA:146,25
DA:152,25
DA:153,25
DA:154,25
DA:155,25
DA:156,25
DA:159,25
DA:160,0
DA:161,0
DA:164,25
DA:166,0
DA:171,1
DA:175,1
DA:180,54
DA:181,29
DA:182,29
DA:183,29
DA:190,25
DA:192,25
DA:199,25
DA:201,0
DA:202,0
DA:204,0
DA:210,0
DA:218,57
DA:219,1
DA:222,56
DA:223,2
DA:226,54
DA:227,0
DA:230,54
DA:237,58
DA:238,1
DA:241,57
DA:244,57
DA:257,57
DA:258,272
DA:259,272
DA:262,57
DA:269,56
DA:280,56
DA:281,1
DA:282,1
DA:283,1
DA:286,56
DA:294,56
DA:295,1
DA:299,55
DA:306,58
DA:307,58
DA:308,55
DA:311,3
DA:312,1
DA:315,2
DA:316,1
DA:317,1
DA:321,1
DA:322,1
DA:324,1
DA:325,1
DA:333,27
DA:335,27
DA:338,27
DA:348,29
DA:349,1
DA:353,28
DA:354,26
DA:374,2
DA:375,1
DA:384,1
DA:396,32
DA:412,58
DA:414,58
DA:415,58
DA:416,28
DA:420,58
DA:421,58
DA:422,0
DA:426,58
DA:427,275
DA:432,58
DA:433,29
DA:441,6
DA:442,6
DA:443,1
DA:446,5
DA:449,5
DA:450,2
DA:453,3
DA:461,5
DA:473,4
DA:474,4
DA:475,1
DA:478,3
DA:479,3
DA:480,3
DA:483,0
DA:484,0
DA:487,0
DA:491,0
DA:499,66
DA:500,66
DA:504,66
DA:517,132
DA:518,132
DA:519,132
DA:521,132
DA:522,2
DA:523,130
DA:524,1
DA:526,129
DA:534,64
DA:535,64
DA:536,189
DA:538,63
DA:539,0
DA:549,63
DA:550,2
DA:559,183
DA:564,61
DA:576,1
DA:591,2
DA:593,2
DA:594,2
DA:597,2
DA:598,3
DA:604,1
DA:606,1
DA:615,1
DA:627,2
DA:634,60
DA:635,60
DA:636,60
DA:643,574
DA:650,392
DA:658,392
DA:662,306
DA:666,2
DA:670,82
DA:674,1
DA:678,9
LF:196
LH:180
BRDA:22,0,0,13
BRDA:24,1,0,97
BRDA:24,1,1,22
BRDA:28,2,0,97
BRDA:28,2,1,95
BRDA:29,3,0,97
BRDA:29,3,1,96
BRDA:103,4,0,57
BRDA:103,4,1,3
BRDA:104,5,0,57
BRDA:104,5,1,2
BRDA:111,6,0,3
BRDA:111,6,1,54
BRDA:129,7,0,55
BRDA:129,7,1,53
BRDA:129,8,0,108
BRDA:129,8,1,107
BRDA:137,9,0,27
BRDA:137,9,1,26
BRDA:145,10,0,25
BRDA:145,10,1,0
BRDA:159,11,0,0
BRDA:159,11,1,25
BRDA:159,12,0,25
BRDA:159,12,1,0
BRDA:167,13,0,0
BRDA:167,13,1,0
BRDA:180,14,0,29
BRDA:180,14,1,25
BRDA:218,15,0,1
BRDA:218,15,1,56
BRDA:222,16,0,2
BRDA:222,16,1,54
BRDA:222,17,0,56
BRDA:222,17,1,2
BRDA:226,18,0,0
BRDA:226,18,1,54
BRDA:226,19,0,54
BRDA:226,19,1,0
BRDA:237,20,0,1
BRDA:237,20,1,57
BRDA:237,21,0,58
BRDA:237,21,1,57
BRDA:258,22,0,272
BRDA:258,22,1,210
BRDA:273,23,0,56
BRDA:273,23,1,52
BRDA:280,24,0,1
BRDA:280,24,1,55
BRDA:294,25,0,1
BRDA:294,25,1,55
BRDA:294,26,0,56
BRDA:294,26,1,55
BRDA:307,27,0,55
BRDA:307,27,1,3
BRDA:311,28,0,1
BRDA:311,28,1,2
BRDA:315,29,0,1
BRDA:315,29,1,1
BRDA:317,30,0,1
BRDA:317,30,1,0
BRDA:321,31,0,1
BRDA:321,31,1,1
BRDA:348,32,0,1
BRDA:348,32,1,28
BRDA:348,33,0,29
BRDA:348,33,1,26
BRDA:353,34,0,26
BRDA:353,34,1,2
BRDA:359,35,0,26
BRDA:359,35,1,22
BRDA:360,36,0,26
BRDA:360,36,1,22
BRDA:361,37,0,26
BRDA:361,37,1,22
BRDA:362,38,0,26
BRDA:362,38,1,22
BRDA:363,39,0,26
BRDA:363,39,1,0
BRDA:364,40,0,26
BRDA:364,40,1,0
BRDA:365,41,0,26
BRDA:365,41,1,0
BRDA:368,42,0,26
BRDA:368,42,1,1
BRDA:374,43,0,1
BRDA:374,43,1,1
BRDA:395,44,0,0
[...]
DA:1016,0
DA:1019,0
DA:1020,0
DA:1021,0
DA:1025,0
DA:1026,0
DA:1027,0
DA:1028,0
DA:1032,0
DA:1038,0
DA:1039,0
DA:1049,0
DA:1055,0
DA:1056,0
DA:1057,0
DA:1059,0
DA:1061,0
DA:1070,0
DA:1071,0
DA:1073,0
DA:1077,0
DA:1084,0
DA:1092,0
DA:1093,0
DA:1096,0
DA:1109,0
DA:1133,0
DA:1134,0
DA:1135,0
DA:1136,0
DA:1138,0
DA:1139,0
DA:1141,0
DA:1147,0
DA:1150,0
DA:1151,0
DA:1152,0
DA:1155,0
DA:1156,0
DA:1159,0
DA:1160,0
DA:1161,0
DA:1164,0
DA:1165,0
DA:1170,0
DA:1171,0
DA:1175,0
DA:1181,0
DA:1182,0
DA:1192,0
DA:1198,0
DA:1199,0
DA:1200,0
DA:1201,0
DA:1202,0
DA:1204,0
DA:1206,0
DA:1211,0
DA:1212,0
DA:1214,0
DA:1218,0
DA:1225,0
DA:1234,0
DA:1235,0
DA:1237,0
DA:1246,0
DA:1261,0
DA:1263,0
DA:1264,0
DA:1265,0
DA:1267,0
DA:1268,0
DA:1270,0
DA:1276,0
DA:1282,0
DA:1283,0
DA:1289,14
DA:1296,21
DA:1297,14
DA:1299,21
DA:1307,0
DA:1315,0
DA:1316,0
DA:1317,0
DA:1318,0
DA:1320,0
DA:1325,14
LF:397
LH:33
BRDA:21,0,0,0
BRDA:21,0,1,14
BRDA:27,1,0,14
BRDA:27,1,1,0
BRDA:28,2,0,14
BRDA:28,2,1,0
BRDA:29,3,0,14
BRDA:29,3,1,0
BRDA:31,4,0,14
BRDA:31,4,1,0
BRDA:32,5,0,14
BRDA:32,5,1,0
BRDA:35,6,0,0
BRDA:35,6,1,14
BRDA:65,7,0,8
BRDA:65,7,1,5
BRDA:69,8,0,5
BRDA:69,8,1,0
BRDA:96,9,0,3
BRDA:96,9,1,0
BRDA:109,10,0,10
BRDA:109,11,0,10
BRDA:134,12,0,0
BRDA:147,13,0,0
BRDA:160,14,0,0
BRDA:230,15,0,0
BRDA:230,15,1,0
BRDA:267,16,0,0
BRDA:275,17,0,0
BRDA:275,17,1,0
BRDA:282,18,0,0
BRDA:282,18,1,0
BRDA:299,19,0,0
BRDA:300,20,0,0
BRDA:300,20,1,0
BRDA:300,21,0,0
BRDA:300,21,1,0
BRDA:422,22,0,0
BRDA:431,23,0,0
BRDA:431,23,1,0
BRDA:464,24,0,0
BRDA:466,25,0,0
BRDA:467,26,0,0
BRDA:468,27,0,0
BRDA:486,28,0,0
BRDA:486,28,1,0
BRDA:491,29,0,0
BRDA:491,29,1,0
BRDA:505,30,0,0
BRDA:505,30,1,0
BRDA:521,31,0,0
BRDA:523,32,0,0
BRDA:524,33,0,0
BRDA:525,34,0,0
BRDA:526,35,0,0
BRDA:541,36,0,0
BRDA:541,36,1,0
BRDA:548,37,0,0
BRDA:548,37,1,0
BRDA:563,38,0,0
BRDA:563,38,1,0
BRDA:577,39,0,0
BRDA:577,39,1,0
BRDA:603,40,0,0
BRDA:603,40,1,0
BRDA:603,41,0,0
BRDA:603,41,1,0
BRDA:641,42,0,0
BRDA:641,42,1,0
BRDA:646,43,0,0
BRDA:646,43,1,0
BRDA:647,44,0,0
BRDA:647,44,1,0
BRDA:807,45,0,0
BRDA:808,46,0,0
BRDA:810,47,0,0
BRDA:810,47,1,0
BRDA:835,48,0,0
BRDA:835,48,1,0
BRDA:838,49,0,0
BRDA:838,49,1,0
BRDA:846,50,0,0
BRDA:846,50,1,0
BRDA:854,51,0,0
BRDA:854,51,1,0
BRDA:871,52,0,0
BRDA:871,52,1,0
BRDA:871,53,0,0
BRDA:871,53,1,0
BRDA:874,54,0,0
BRDA:874,54,1,0
BRDA:875,55,0,0
BRDA:875,55,1,0
BRDA:876,56,0,0
BRDA:876,56,1,0
BRDA:886,57,0,0
BRDA:886,57,1,0
BRDA:894,58,0,0
BRDA:894,58,1,0
BRDA:894,59,0,0
BRDA:894,59,1,0
BRDA:898,60,0,0
BRDA:898,60,1,0
BRDA:905,61,0,0
BRDA:905,61,1,0
BRDA:912,62,0,0
BRDA:912,62,1,0
BRDA:922,63,0,0
BRDA:922,63,1,0
BRDA:933,64,0,0
BRDA:933,64,1,0
BRDA:1027,65,0,0
BRDA:1027,65,1,0
BRDA:1135,66,0,0
BRDA:1135,66,1,0
BRDA:1138,67,0,0
BRDA:1138,67,1,0
BRDA:1151,68,0,0
BRDA:1151,68,1,0
BRDA:1159,69,0,0
BRDA:1159,69,1,0
BRDA:1161,70,0,0
BRDA:1161,70,1,0
BRDA:1164,71,0,0
BRDA:1164,71,1,0
BRDA:1170,72,0,0
BRDA:1170,72,1,0
BRDA:1201,73,0,0
BRDA:1201,73,1,0
BRDA:1267,74,0,0
BRDA:1267,74,1,0
BRDA:1267,75,0,0
BRDA:1267,75,1,0
BRDA:1296,76,0,14
BRDA:1296,76,1,7
BRF:135
BRH:15
end_of_record
TN:
SF:utils/UnifiedDistributedLock.js
FN:19,(anonymous_0)
FN:36,(anonymous_1)
FN:80,(anonymous_2)
FN:120,(anonymous_3)
FN:160,(anonymous_4)
FN:179,(anonymous_5)
FN:219,(anonymous_6)
FN:253,(anonymous_7)
FN:258,(anonymous_8)
FN:260,(anonymous_9)
FN:264,(anonymous_10)
FN:277,(anonymous_11)
FN:306,(anonymous_12)
FN:331,(anonymous_13)
FN:370,(anonymous_14)
FN:371,(anonymous_15)
FN:378,(anonymous_16)
FNF:17
FNH:1
FNDA:3,(anonymous_0)
FNDA:0,(anonymous_1)
FNDA:0,(anonymous_2)
FNDA:0,(anonymous_3)
FNDA:0,(anonymous_4)
FNDA:0,(anonymous_5)
FNDA:0,(anonymous_6)
FNDA:0,(anonymous_7)
FNDA:0,(anonymous_8)
FNDA:0,(anonymous_9)
FNDA:0,(anonymous_10)
FNDA:0,(anonymous_11)
FNDA:0,(anonymous_12)
FNDA:0,(anonymous_13)
FNDA:0,(anonymous_14)
FNDA:0,(anonymous_15)
FNDA:0,(anonymous_16)
DA:15,1
DA:16,1
DA:21,3
DA:22,3
DA:23,3
DA:25,3
DA:37,0
DA:38,0
DA:39,0
DA:41,0
DA:42,0
DA:44,0
DA:46,0
DA:47,0
DA:48,0
DA:59,0
DA:60,0
DA:61,0
DA:64,0
DA:65,0
DA:66,0
DA:71,0
DA:72,0
DA:81,0
DA:82,0
DA:83,0
DA:87,0
DA:95,0
DA:96,0
DA:97,0
DA:99,0
DA:100,0
DA:102,0
DA:107,0
DA:109,0
DA:110,0
DA:121,0
DA:122,0
DA:123,0
DA:127,0
DA:135,0
DA:136,0
DA:137,0
DA:139,0
DA:140,0
DA:141,0
DA:143,0
DA:146,0
DA:148,0
DA:149,0
DA:167,0
DA:169,0
DA:170,0
DA:171,0
DA:174,0
DA:176,0
DA:178,0
DA:179,0
DA:180,0
DA:181,0
DA:183,0
DA:189,0
DA:190,0
DA:191,0
DA:193,0
DA:195,0
DA:196,0
DA:199,0
DA:200,0
DA:204,0
DA:205,0
DA:207,0
DA:220,0
DA:221,0
DA:225,0
DA:226,0
DA:228,0
DA:229,0
DA:230,0
DA:231,0
DA:233,0
DA:234,0
DA:236,0
DA:239,0
DA:240,0
DA:243,0
DA:244,0
DA:254,0
DA:255,0
DA:258,0
DA:260,0
DA:262,0
DA:263,0
DA:264,0
DA:266,0
DA:269,0
DA:278,0
DA:280,0
DA:281,0
DA:283,0
DA:284,0
DA:287,0
DA:296,0
DA:297,0
DA:307,0
DA:309,0
DA:310,0
DA:311,0
DA:313,0
DA:314,0
DA:316,0
DA:319,0
DA:321,0
DA:322,0
DA:332,0
DA:333,0
DA:335,0
DA:336,0
DA:340,0
DA:341,0
DA:342,0
DA:343,0
DA:345,0
DA:346,0
DA:348,0
DA:349,0
DA:350,0
DA:354,0
DA:355,0
DA:358,0
DA:360,0
DA:361,0
DA:371,0
DA:379,0
DA:380,0
DA:381,0
DA:383,0
DA:391,0
DA:392,0
DA:394,0
DA:395,0
DA:402,0
DA:403,0
DA:404,0
DA:405,0
DA:407,0
DA:410,0
DA:413,0
DA:415,0
DA:416,0
DA:421,1
LF:151
LH:7
BRDA:36,0,0,0
BRDA:36,1,0,0
BRDA:36,2,0,0
BRDA:46,3,0,0
BRDA:46,3,1,0
BRDA:59,4,0,0
BRDA:59,4,1,0
BRDA:65,5,0,0
BRDA:65,5,1,0
BRDA:81,6,0,0
BRDA:81,6,1,0
BRDA:81,7,0,0
BRDA:81,7,1,0
BRDA:81,7,2,0
BRDA:99,8,0,0
BRDA:99,8,1,0
BRDA:120,9,0,0
BRDA:121,10,0,0
BRDA:121,10,1,0
BRDA:121,11,0,0
BRDA:121,11,1,0
BRDA:121,11,2,0
BRDA:139,12,0,0
BRDA:139,12,1,0
BRDA:160,13,0,0
BRDA:162,14,0,0
BRDA:163,15,0,0
BRDA:164,16,0,0
BRDA:165,17,0,0
BRDA:166,18,0,0
BRDA:170,19,0,0
BRDA:170,19,1,0
BRDA:178,20,0,0
BRDA:178,20,1,0
BRDA:199,21,0,0
BRDA:199,21,1,0
BRDA:219,22,0,0
BRDA:219,23,0,0
BRDA:220,24,0,0
BRDA:220,24,1,0
BRDA:220,25,0,0
BRDA:220,25,1,0
BRDA:231,26,0,0
BRDA:231,26,1,0
BRDA:254,27,0,0
BRDA:254,27,1,0
BRDA:254,28,0,0
BRDA:254,28,1,0
BRDA:260,29,0,0
BRDA:260,29,1,0
BRDA:262,30,0,0
BRDA:262,30,1,0
BRDA:264,31,0,0
BRDA:264,31,1,0
BRDA:283,32,0,0
BRDA:283,32,1,0
BRDA:292,33,0,0
BRDA:292,33,1,0
BRDA:293,34,0,0
BRDA:293,34,1,0
BRDA:313,35,0,0
BRDA:313,35,1,0
BRDA:331,36,0,0
BRDA:335,37,0,0
BRDA:335,37,1,0
BRDA:343,38,0,0
BRDA:343,38,1,0
BRDA:346,39,0,0
BRDA:346,39,1,0
BRDA:354,40,0,0
BRDA:354,40,1,0
BRDA:402,41,0,0
BRDA:402,41,1,0
BRDA:404,42,0,0
BRDA:404,42,1,0
BRF:75
BRH:0
end_of_record
TN:
SF:utils/UnifiedRedisClient.js
FN:14,(anonymous_0)
FN:53,(anonymous_1)
FN:55,(anonymous_2)
FN:60,(anonymous_3)
FN:65,(anonymous_4)
FN:71,(anonymous_5)
FN:75,(anonymous_6)
FN:80,(anonymous_7)
FN:84,(anonymous_8)
FN:93,(anonymous_9)
FN:101,(anonymous_10)
FN:109,(anonymous_11)
FN:117,(anonymous_12)
FN:134,(anonymous_13)
FN:149,(anonymous_14)
FN:157,(anonymous_15)
FN:162,(anonymous_16)
FN:167,(anonymous_17)
FN:172,(anonymous_18)
FN:178,(anonymous_19)
FN:183,(anonymous_20)
FN:188,(anonymous_21)
FN:193,(anonymous_22)
FN:199,(anonymous_23)
FN:204,(anonymous_24)
FN:209,(anonymous_25)
FN:214,(anonymous_26)
FN:220,(anonymous_27)
FN:225,(anonymous_28)
FN:231,(anonymous_29)
FN:239,(anonymous_30)
FN:262,(anonymous_31)
FN:286,getRedisClient
FN:297,getRawClient
FN:305,isRedisHealthy
FNF:35
FNH:5
FNDA:1,(anonymous_0)
FNDA:1,(anonymous_1)
FNDA:0,(anonymous_2)
FNDA:0,(anonymous_3)
FNDA:0,(anonymous_4)
FNDA:0,(anonymous_5)
FNDA:0,(anonymous_6)
FNDA:0,(anonymous_7)
FNDA:0,(anonymous_8)
FNDA:3,(anonymous_9)
FNDA:0,(anonymous_10)
FNDA:0,(anonymous_11)
FNDA:0,(anonymous_12)
FNDA:0,(anonymous_13)
FNDA:0,(anonymous_14)
FNDA:0,(anonymous_15)
FNDA:0,(anonymous_16)
FNDA:0,(anonymous_17)
FNDA:0,(anonymous_18)
FNDA:0,(anonymous_19)
FNDA:0,(anonymous_20)
FNDA:0,(anonymous_21)
FNDA:0,(anonymous_22)
FNDA:0,(anonymous_23)
FNDA:0,(anonymous_24)
FNDA:0,(anonymous_25)
FNDA:0,(anonymous_26)
FNDA:0,(anonymous_27)
FNDA:0,(anonymous_28)
FNDA:0,(anonymous_29)
FNDA:0,(anonymous_30)
FNDA:0,(anonymous_31)
FNDA:3,getRedisClient
FNDA:3,getRawClient
FNDA:0,isRedisHealthy
DA:8,1
DA:15,1
DA:16,0
DA:20,1
DA:34,1
DA:37,1
DA:38,1
DA:41,1
DA:42,1
DA:45,1
DA:47,1
DA:55,1
DA:56,0
DA:57,0
DA:60,1
DA:61,0
DA:62,0
DA:65,1
DA:66,0
DA:67,0
DA:71,1
DA:72,0
DA:75,1
DA:76,0
DA:80,1
DA:81,0
DA:84,1
DA:85,0
DA:94,3
DA:102,0
DA:110,0
DA:118,0
DA:119,0
DA:122,0
DA:123,0
DA:126,0
DA:127,0
DA:135,0
DA:136,0
DA:137,0
DA:139,0
DA:140,0
DA:150,0
DA:151,0
DA:152,0
DA:154,0
DA:158,0
DA:159,0
DA:163,0
DA:164,0
DA:168,0
DA:169,0
DA:173,0
DA:174,0
DA:179,0
DA:180,0
DA:184,0
DA:185,0
DA:189,0
DA:190,0
DA:194,0
DA:195,0
DA:200,0
DA:201,0
DA:205,0
DA:206,0
DA:210,0
DA:211,0
DA:215,0
DA:216,0
DA:221,0
DA:222,0
DA:226,0
DA:227,0
DA:232,0
DA:233,0
DA:240,0
DA:242,0
DA:243,0
DA:246,0
DA:247,0
DA:250,0
DA:251,0
DA:254,0
DA:255,0
DA:256,0
DA:263,0
DA:280,1
DA:287,3
DA:288,1
DA:290,3
DA:298,3
DA:306,0
DA:307,0
DA:308,0
DA:310,0
DA:315,1
LF:97
LH:24
BRDA:15,0,0,0
BRDA:15,0,1,1
BRDA:21,1,0,1
BRDA:21,1,1,0
BRDA:22,2,0,1
BRDA:22,2,1,0
BRDA:23,3,0,1
BRDA:23,3,1,0
BRDA:118,4,0,0
BRDA:118,4,1,0
BRDA:122,5,0,0
BRDA:122,5,1,0
BRDA:149,6,0,0
BRDA:151,7,0,0
BRDA:151,7,1,0
BRDA:242,8,0,0
BRDA:242,8,1,0
BRDA:246,9,0,0
BRDA:246,9,1,0
BRDA:250,10,0,0
BRDA:250,10,1,0
BRDA:287,11,0,1
BRDA:287,11,1,2
BRF:23
BRH:6
end_of_record
TN:
SF:utils/UnifiedScriptManager.js
FN:22,(anonymous_0)
FN:86,(anonymous_1)
FN:89,(anonymous_2)
FN:105,(anonymous_3)
FN:117,(anonymous_4)
FN:147,(anonymous_5)
FN:197,(anonymous_6)
FN:198,(anonymous_7)
FN:205,(anonymous_8)
FN:206,(anonymous_9)
FN:245,(anonymous_10)
FN:251,(anonymous_11)
FN:303,(anonymous_12)
FN:321,(anonymous_13)
FN:322,(anonymous_14)
FN:336,(anonymous_15)
FN:354,(anonymous_16)
FN:355,(anonymous_17)
FN:368,(anonymous_18)
FN:412,(anonymous_19)
FN:449,(anonymous_20)
FN:530,(anonymous_21)
FN:534,(anonymous_22)
FN:550,(anonymous_23)
FN:574,(anonymous_24)
FN:591,(anonymous_25)
FN:606,(anonymous_26)
FN:632,(anonymous_27)
FN:641,(anonymous_28)
FN:718,(anonymous_29)
FN:735,(anonymous_30)
FN:743,(anonymous_31)
FN:755,(anonymous_32)
FN:770,(anonymous_33)
FN:777,(anonymous_34)
FN:789,(anonymous_35)
FN:801,(anonymous_36)
FN:807,(anonymous_37)
FN:811,(anonymous_38)
FN:815,(anonymous_39)
FN:824,(anonymous_40)
FN:827,(anonymous_41)
FN:828,(anonymous_42)
FN:838,(anonymous_43)
FN:841,(anonymous_44)
FN:844,(anonymous_45)
FN:869,(anonymous_46)
FN:870,(anonymous_47)
FN:872,(anonymous_48)
FN:887,(anonymous_49)
FN:893,(anonymous_50)
FN:897,(anonymous_51)
FN:911,(anonymous_52)
FN:972,getScriptManager
FN:985,runScript
FN:995,runMaintenance
FN:1005,runSystemCheck
FNF:57
FNH:0
FNDA:0,(anonymous_0)
FNDA:0,(anonymous_1)
FNDA:0,(anonymous_2)
FNDA:0,(anonymous_3)
FNDA:0,(anonymous_4)
FNDA:0,(anonymous_5)
FNDA:0,(anonymous_6)
FNDA:0,(anonymous_7)
FNDA:0,(anonymous_8)
FNDA:0,(anonymous_9)
FNDA:0,(anonymous_10)
FNDA:0,(anonymous_11)
FNDA:0,(anonymous_12)
FNDA:0,(anonymous_13)
FNDA:0,(anonymous_14)
FNDA:0,(anonymous_15)
FNDA:0,(anonymous_16)
FNDA:0,(anonymous_17)
FNDA:0,(anonymous_18)
FNDA:0,(anonymous_19)
FNDA:0,(anonymous_20)
FNDA:0,(anonymous_21)
FNDA:0,(anonymous_22)
FNDA:0,(anonymous_23)
FNDA:0,(anonymous_24)
FNDA:0,(anonymous_25)
FNDA:0,(anonymous_26)
FNDA:0,(anonymous_27)
FNDA:0,(anonymous_28)
FNDA:0,(anonymous_29)
FNDA:0,(anonymous_30)
FNDA:0,(anonymous_31)
FNDA:0,(anonymous_32)
FNDA:0,(anonymous_33)
FNDA:0,(anonymous_34)
FNDA:0,(anonymous_35)
FNDA:0,(anonymous_36)
FNDA:0,(anonymous_37)
FNDA:0,(anonymous_38)
FNDA:0,(anonymous_39)
FNDA:0,(anonymous_40)
FNDA:0,(anonymous_41)
FNDA:0,(anonymous_42)
FNDA:0,(anonymous_43)
FNDA:0,(anonymous_44)
FNDA:0,(anonymous_45)
FNDA:0,(anonymous_46)
FNDA:0,(anonymous_47)
FNDA:0,(anonymous_48)
FNDA:0,(anonymous_49)
FNDA:0,(anonymous_50)
FNDA:0,(anonymous_51)
FNDA:0,(anonymous_52)
FNDA:0,getScriptManager
FNDA:0,runScript
FNDA:0,runMaintenance
FNDA:0,runSystemCheck
DA:15,0
DA:16,0
DA:17,0
DA:18,0
DA:19,0
DA:24,0
DA:25,0
DA:28,0
DA:29,0
DA:30,0
DA:33,0
DA:34,0
DA:37,0
DA:51,0
DA:78,0
DA:79,0
DA:87,0
DA:88,0
DA:89,0
DA:91,0
DA:92,0
DA:93,0
DA:94,0
DA:96,0
DA:105,0
DA:107,0
DA:108,0
DA:118,0
DA:119,0
DA:127,0
DA:128,0
DA:129,0
DA:130,0
DA:132,0
DA:133,0
DA:137,0
DA:138,0
DA:152,0
DA:155,0
DA:156,0
DA:160,0
DA:161,0
DA:162,0
DA:163,0
DA:167,0
DA:178,0
DA:180,0
DA:181,0
DA:183,0
DA:186,0
DA:189,0
DA:190,0
DA:193,0
DA:195,0
DA:198,0
DA:201,0
DA:203,0
DA:206,0
DA:211,0
DA:214,0
DA:215,0
DA:216,0
DA:217,0
DA:219,0
DA:220,0
DA:222,0
DA:223,0
DA:224,0
DA:226,0
DA:227,0
DA:229,0
DA:230,0
DA:233,0
DA:234,0
DA:246,0
DA:247,0
DA:249,0
DA:251,0
DA:252,0
DA:253,0
DA:255,0
DA:256,0
DA:258,0
DA:262,0
DA:263,0
DA:264,0
DA:265,0
DA:273,0
DA:274,0
DA:275,0
DA:276,0
DA:282,0
DA:288,0
DA:289,0
DA:295,0
DA:304,0
DA:311,0
DA:313,0
DA:319,0
DA:321,0
DA:322,0
DA:327,0
DA:328,0
DA:337,0
DA:344,0
DA:346,0
DA:352,0
DA:354,0
DA:355,0
DA:360,0
DA:361,0
DA:369,0
DA:370,0
DA:372,0
DA:374,0
DA:377,0
DA:380,0
DA:383,0
DA:385,0
DA:386,0
DA:388,0
DA:399,0
DA:400,0
DA:413,0
DA:415,0
DA:416,0
DA:417,0
DA:419,0
DA:421,0
DA:427,0
DA:430,0
DA:432,0
DA:441,0
DA:442,0
DA:450,0
DA:451,0
DA:460,0
DA:461,0
DA:462,0
DA:463,0
DA:464,0
DA:474,0
DA:475,0
DA:476,0
DA:477,0
DA:486,0
DA:487,0
DA:488,0
DA:489,0
DA:498,0
DA:499,0
DA:500,0
DA:501,0
DA:511,0
DA:512,0
DA:513,0
DA:514,0
DA:524,0
DA:531,0
DA:533,0
DA:534,0
DA:536,0
DA:537,0
DA:541,0
DA:543,0
DA:551,0
DA:575,0
DA:576,0
DA:579,0
DA:580,0
DA:591,0
DA:592,0
DA:593,0
DA:606,0
DA:607,0
DA:608,0
DA:621,0
DA:622,0
DA:632,0
DA:633,0
DA:634,0
DA:642,0
DA:644,0
DA:645,0
DA:647,0
DA:648,0
DA:663,0
DA:676,0
DA:679,0
DA:680,0
DA:694,0
DA:697,0
DA:708,0
DA:712,0
DA:719,0
DA:721,0
DA:735,0
DA:736,0
DA:739,0
DA:743,0
DA:744,0
DA:747,0
DA:755,0
DA:756,0
DA:765,0
DA:770,0
DA:771,0
DA:777,0
DA:778,0
DA:780,0
DA:783,0
DA:790,0
DA:791,0
DA:792,0
DA:793,0
DA:802,0
DA:804,0
DA:806,0
DA:807,0
DA:810,0
DA:811,0
DA:815,0
DA:817,0
DA:825,0
DA:827,0
DA:828,0
DA:836,0
DA:837,0
DA:838,0
DA:841,0
DA:844,0
DA:845,0
DA:846,0
DA:855,0
DA:856,0
DA:857,0
DA:858,0
DA:860,0
DA:863,0
DA:864,0
DA:869,0
DA:870,0
DA:871,0
DA:872,0
DA:877,0
DA:880,0
DA:888,0
DA:890,0
DA:893,0
DA:896,0
DA:897,0
DA:900,0
DA:901,0
DA:903,0
DA:904,0
DA:912,0
DA:923,0
DA:925,0
DA:929,0
DA:932,0
DA:934,0
DA:935,0
DA:937,0
DA:940,0
DA:942,0
DA:943,0
DA:944,0
DA:946,0
DA:950,0
DA:953,0
DA:954,0
DA:955,0
DA:956,0
DA:958,0
DA:961,0
DA:966,0
DA:973,0
DA:974,0
DA:976,0
DA:986,0
DA:987,0
DA:996,0
DA:997,0
DA:1006,0
DA:1007,0
DA:1011,0
LF:286
LH:0
BRDA:24,0,0,0
BRDA:24,0,1,0
BRDA:101,1,0,0
BRDA:101,1,1,0
BRDA:118,2,0,0
BRDA:118,2,1,0
BRDA:147,3,0,0
BRDA:149,4,0,0
BRDA:150,5,0,0
BRDA:151,6,0,0
BRDA:155,7,0,0
BRDA:155,7,1,0
BRDA:160,8,0,0
BRDA:160,8,1,0
BRDA:162,9,0,0
BRDA:162,9,1,0
BRDA:193,10,0,0
BRDA:193,10,1,0
BRDA:201,11,0,0
BRDA:201,11,1,0
BRDA:201,12,0,0
BRDA:201,12,1,0
BRDA:233,13,0,0
BRDA:233,13,1,0
BRDA:245,14,0,0
BRDA:246,15,0,0
BRDA:246,16,0,0
BRDA:249,17,0,0
BRDA:249,17,1,0
BRDA:255,18,0,0
BRDA:255,18,1,0
BRDA:268,19,0,0
BRDA:268,19,1,0
BRDA:288,20,0,0
BRDA:288,20,1,0
BRDA:303,21,0,0
BRDA:336,22,0,0
BRDA:433,23,0,0
BRDA:433,23,1,0
BRDA:434,24,0,0
BRDA:434,24,1,0
BRDA:435,25,0,0
BRDA:435,25,1,0
BRDA:437,26,0,0
BRDA:437,26,1,0
BRDA:461,27,0,0
BRDA:461,27,1,0
BRDA:463,28,0,0
BRDA:463,28,1,0
BRDA:463,29,0,0
BRDA:463,29,1,0
BRDA:474,30,0,0
BRDA:474,30,1,0
BRDA:476,31,0,0
BRDA:476,31,1,0
BRDA:476,32,0,0
BRDA:476,32,1,0
BRDA:486,33,0,0
BRDA:486,33,1,0
BRDA:488,34,0,0
BRDA:488,34,1,0
BRDA:488,35,0,0
BRDA:488,35,1,0
BRDA:498,36,0,0
BRDA:498,36,1,0
BRDA:500,37,0,0
BRDA:500,37,1,0
BRDA:500,38,0,0
BRDA:500,38,1,0
BRDA:511,39,0,0
BRDA:511,39,1,0
BRDA:513,40,0,0
BRDA:513,40,1,0
BRDA:513,41,0,0
BRDA:513,41,1,0
BRDA:536,42,0,0
BRDA:536,42,1,0
BRDA:579,43,0,0
BRDA:579,43,1,0
BRDA:579,44,0,0
BRDA:579,44,1,0
BRDA:591,45,0,0
BRDA:591,45,1,0
BRDA:592,46,0,0
BRDA:592,46,1,0
BRDA:596,47,0,0
BRDA:596,47,1,0
BRDA:606,48,0,0
BRDA:606,48,1,0
BRDA:607,49,0,0
BRDA:607,49,1,0
BRDA:611,50,0,0
BRDA:611,50,1,0
BRDA:621,51,0,0
BRDA:621,51,1,0
BRDA:621,52,0,0
BRDA:621,52,1,0
BRDA:645,53,0,0
BRDA:645,53,1,0
BRDA:645,53,2,0
BRDA:647,54,0,0
BRDA:647,54,1,0
BRDA:679,55,0,0
BRDA:679,55,1,0
BRDA:730,56,0,0
BRDA:730,56,1,0
BRDA:735,57,0,0
BRDA:735,57,1,0
BRDA:743,58,0,0
BRDA:743,58,1,0
BRDA:749,59,0,0
BRDA:749,59,1,0
BRDA:771,60,0,0
BRDA:771,60,1,0
BRDA:771,60,2,0
BRDA:790,61,0,0
BRDA:790,61,1,0
BRDA:791,62,0,0
BRDA:791,62,1,0
BRDA:792,63,0,0
BRDA:792,63,1,0
BRDA:801,64,0,0
BRDA:802,65,0,0
BRDA:806,66,0,0
BRDA:806,66,1,0
BRDA:810,67,0,0
BRDA:810,67,1,0
BRDA:836,68,0,0
BRDA:836,68,1,0
BRDA:845,69,0,0
BRDA:845,69,1,0
BRDA:857,70,0,0
BRDA:857,70,1,0
BRDA:863,71,0,0
BRDA:863,71,1,0
BRDA:863,72,0,0
BRDA:863,72,1,0
BRDA:878,73,0,0
BRDA:878,73,1,0
BRDA:887,74,0,0
BRDA:888,75,0,0
BRDA:888,76,0,0
BRDA:896,77,0,0
BRDA:896,77,1,0
BRDA:925,78,0,0
BRDA:925,78,1,0
BRDA:953,79,0,0
BRDA:953,79,1,0
BRDA:955,80,0,0
BRDA:955,80,1,0
BRDA:973,81,0,0
BRDA:973,81,1,0
BRDA:985,82,0,0
BRDA:995,83,0,0
BRDA:1005,84,0,0
BRF:155
BRH:0
end_of_record
TN:
SF:utils/timeHelper.js
FN:19,(anonymous_0)
FN:30,(anonymous_1)
FN:46,(anonymous_2)
FN:55,(anonymous_3)
FN:73,(anonymous_4)
FN:90,(anonymous_5)
FN:108,(anonymous_6)
FN:119,(anonymous_7)
FN:131,(anonymous_8)
FN:142,(anonymous_9)
FN:157,(anonymous_10)
FN:169,(anonymous_11)
FN:178,(anonymous_12)
FN:189,(anonymous_13)
FN:215,(anonymous_14)
FN:226,(anonymous_15)
FN:246,(anonymous_16)
FN:271,(anonymous_17)
FN:280,(anonymous_18)
FN:288,(anonymous_19)
FN:297,(anonymous_20)
FNF:21
FNH:7
FNDA:86,(anonymous_0)
FNDA:78,(anonymous_1)
FNDA:0,(anonymous_2)
FNDA:0,(anonymous_3)
FNDA:665,(anonymous_4)
FNDA:8,(anonymous_5)
FNDA:0,(anonymous_6)
FNDA:0,(anonymous_7)
FNDA:0,(anonymous_8)
FNDA:0,(anonymous_9)
FNDA:0,(anonymous_10)
FNDA:0,(anonymous_11)
FNDA:0,(anonymous_12)
FNDA:0,(anonymous_13)
FNDA:0,(anonymous_14)
FNDA:0,(anonymous_15)
FNDA:2,(anonymous_16)
FNDA:1,(anonymous_17)
FNDA:1,(anonymous_18)
FNDA:0,(anonymous_19)
FNDA:0,(anonymous_20)
DA:20,86
DA:22,86
DA:23,86
DA:31,78
DA:47,0
DA:56,0
DA:57,0
DA:76,665
DA:77,665
DA:78,665
DA:79,665
DA:82,665
DA:91,8
DA:92,8
DA:109,0
DA:110,0
DA:111,0
DA:112,0
DA:120,0
DA:121,0
DA:122,0
DA:123,0
DA:132,0
DA:133,0
DA:134,0
DA:143,0
DA:144,0
DA:146,0
DA:147,0
DA:149,0
DA:158,0
DA:159,0
DA:160,0
DA:161,0
DA:170,0
DA:171,0
DA:179,0
DA:180,0
DA:181,0
DA:190,0
DA:191,0
DA:192,0
DA:193,0
DA:194,0
DA:195,0
DA:196,0
DA:198,0
DA:199,0
DA:200,0
DA:201,0
DA:202,0
DA:203,0
DA:204,0
DA:205,0
DA:207,0
DA:216,0
DA:217,0
DA:218,0
DA:227,0
DA:228,0
DA:238,0
DA:247,2
DA:248,0
DA:251,2
DA:252,2
DA:254,2
DA:255,0
DA:259,2
DA:260,2
DA:262,0
DA:272,1
DA:281,1
DA:289,0
DA:290,0
DA:298,0
DA:299,0
DA:305,23
LF:77
LH:20
BRDA:90,0,0,8
BRDA:157,1,0,0
BRDA:169,2,0,0
BRDA:198,3,0,0
BRDA:198,3,1,0
BRDA:200,4,0,0
BRDA:200,4,1,0
BRDA:202,5,0,0
BRDA:202,5,1,0
BRDA:204,6,0,0
BRDA:204,6,1,0
BRDA:218,7,0,0
BRDA:218,7,1,0
BRDA:226,8,0,0
BRDA:247,9,0,0
BRDA:247,9,1,2
BRDA:247,10,0,2
BRDA:247,10,1,2
BRDA:254,11,0,0
BRDA:254,11,1,2
BRDA:281,12,0,1
BRDA:281,12,1,1
BRDA:289,13,0,0
BRDA:289,13,1,0
BRDA:298,14,0,0
BRDA:298,14,1,0
BRF:26
BRH:7
end_of_record
TN:
SF:utils/transaction-templates/抽奖过程事务.js
FN:16,(anonymous_0)
FNF:1
FNH:0
FNDA:0,(anonymous_0)
DA:6,0
DA:17,0
DA:19,0
DA:21,0
DA:27,0
DA:28,0
DA:32,0
DA:45,0
DA:46,0
DA:50,0
DA:51,0
DA:64,0
DA:65,0
DA:69,0
DA:83,0
DA:100,0
DA:102,0
DA:110,0
DA:111,0
DA:116,0
LF:20
LH:0
BRDA:16,0,0,0
BRDA:27,1,0,0
BRDA:27,1,1,0
BRDA:45,2,0,0
BRDA:45,2,1,0
BRDA:50,3,0,0
BRDA:50,3,1,0
BRDA:50,4,0,0
BRDA:50,4,1,0
BRDA:64,5,0,0
BRDA:64,5,1,0
BRDA:92,6,0,0
BRDA:92,6,1,0
BRDA:93,7,0,0
BRDA:93,7,1,0
BRF:15
BRH:0
end_of_record
TN:
SF:utils/transaction-templates/用户注册事务.js
FN:13,(anonymous_0)
FNF:1
FNH:0
FNDA:0,(anonymous_0)
DA:6,0
DA:14,0
DA:16,0
DA:17,0
DA:20,0
DA:26,0
DA:27,0
DA:31,0
DA:47,0
DA:50,0
DA:62,0
DA:77,0
DA:79,0
DA:86,0
DA:87,0
DA:92,0
LF:16
LH:0
BRDA:26,0,0,0
BRDA:26,0,1,0
BRDA:39,1,0,0
BRDA:39,1,1,0
BRDA:40,2,0,0
BRDA:40,2,1,0
BRF:6
BRH:0
end_of_record
TN:
SF:utils/transaction-templates/积分扣除与兑换记录事务.js
FN:15,(anonymous_0)
FNF:1
FNH:0
FNDA:0,(anonymous_0)
DA:6,0
DA:16,0
DA:18,0
DA:20,0
DA:29,0
DA:30,0
DA:34,0
DA:40,0
DA:63,0
DA:75,0
DA:88,0
DA:90,0
DA:97,0
DA:98,0
DA:103,0
LF:15
LH:0
BRDA:29,0,0,0
BRDA:29,0,1,0
BRDA:29,1,0,0
BRDA:29,1,1,0
BRF:4
BRH:0
end_of_record
